[0622/204130.293:ERROR:minidumpwritedump_with_crashpad_info.cc(435)] Failed to call MiniDumpWriteDump: Access is denied. (0x80070005)
[0622/204130.293:ERROR:minidumpwritedump_with_crashpad_info.cc(592)] Failed to write minidump file
[0622/204130.294:ERROR:crash_report_exception_handler.cc(132)] TryMiniDumpWriteDumpWithCrashpadInfo failed
[0622/204130.294:ERROR:process_memory_win.cc(73)] ReadMemory at 0x7ff7e80b0000 of 64 bytes failed: Only part of a ReadProcessMemory or WriteProcessMemory request was completed. (0x12B)
[0622/204130.399:WARNING:pe_image_reader.cc(340)] could not read dos header from C:\Program Files (x86)\Microsoft\Edge\Application\msedge.exe
[0622/204130.399:ERROR:process_memory_win.cc(73)] ReadMemory at 0x7ff963830000 of 64 bytes failed: Only part of a ReadProcessMemory or WriteProcessMemory request was completed. (0x12B)
[0622/204130.734:WARNING:pe_image_reader.cc(340)] could not read dos header from C:\WINDOWS\SYSTEM32\ntdll.dll
[0622/204130.734:ERROR:process_memory_win.cc(73)] ReadMemory at 0x7ff962210000 of 64 bytes failed: Only part of a ReadProcessMemory or WriteProcessMemory request was completed. (0x12B)
[0622/204130.734:WARNING:pe_image_reader.cc(340)] could not read dos header from C:\WINDOWS\System32\KERNEL32.DLL
[0622/204130.734:ERROR:process_memory_win.cc(73)] ReadMemory at 0x7ff961500000 of 64 bytes failed: Only part of a ReadProcessMemory or WriteProcessMemory request was completed. (0x12B)
[0622/204130.734:WARNING:pe_image_reader.cc(340)] could not read dos header from C:\WINDOWS\System32\KERNELBASE.dll
[0622/204130.734:ERROR:process_memory_win.cc(73)] ReadMemory at 0x7ff961d80000 of 64 bytes failed: Only part of a ReadProcessMemory or WriteProcessMemory request was completed. (0x12B)
[0622/204130.734:WARNING:pe_image_reader.cc(340)] could not read dos header from C:\WINDOWS\System32\ADVAPI32.dll
[0622/204130.734:ERROR:process_memory_win.cc(73)] ReadMemory at 0x7ff9619e0000 of 64 bytes failed: Only part of a ReadProcessMemory or WriteProcessMemory request was completed. (0x12B)
[0622/204130.734:WARNING:pe_image_reader.cc(340)] could not read dos header from C:\WINDOWS\System32\msvcrt.dll
[0622/204130.734:ERROR:process_memory_win.cc(73)] ReadMemory at 0x7ff962c00000 of 64 bytes failed: Only part of a ReadProcessMemory or WriteProcessMemory request was completed. (0x12B)
[0622/204130.734:WARNING:pe_image_reader.cc(340)] could not read dos header from C:\WINDOWS\System32\sechost.dll
[0622/204130.734:ERROR:process_memory_win.cc(73)] ReadMemory at 0x7ff961c20000 of 64 bytes failed: Only part of a ReadProcessMemory or WriteProcessMemory request was completed. (0x12B)
[0622/204130.734:WARNING:pe_image_reader.cc(340)] could not read dos header from C:\WINDOWS\System32\RPCRT4.dll
[0622/204130.734:ERROR:process_memory_win.cc(73)] ReadMemory at 0x7ff91fac0000 of 64 bytes failed: Only part of a ReadProcessMemory or WriteProcessMemory request was completed. (0x12B)
[0622/204130.734:WARNING:pe_image_reader.cc(340)] could not read dos header from C:\Program Files (x86)\Microsoft\Edge\Application\83.0.478.54\msedge.dll
[0622/204130.734:ERROR:process_memory_win.cc(73)] ReadMemory at 0x7ff963780000 of 64 bytes failed: Only part of a ReadProcessMemory or WriteProcessMemory request was completed. (0x12B)
[0622/204130.734:WARNING:pe_image_reader.cc(340)] could not read dos header from C:\WINDOWS\System32\WS2_32.dll
[0622/204130.734:ERROR:process_memory_win.cc(73)] ReadMemory at 0x7ff962ca0000 of 64 bytes failed: Only part of a ReadProcessMemory or WriteProcessMemory request was completed. (0x12B)
[0622/204130.734:WARNING:pe_image_reader.cc(340)] could not read dos header from C:\WINDOWS\System32\OLEAUT32.dll
[0622/204130.734:ERROR:process_memory_win.cc(73)] ReadMemory at 0x7ff9617d0000 of 64 bytes failed: Only part of a ReadProcessMemory or WriteProcessMemory request was completed. (0x12B)
[0622/204130.734:WARNING:pe_image_reader.cc(340)] could not read dos header from C:\WINDOWS\System32\msvcp_win.dll
[0622/204130.734:ERROR:process_memory_win.cc(73)] ReadMemory at 0x7ff961090000 of 64 bytes failed: Only part of a ReadProcessMemory or WriteProcessMemory request was completed. (0x12B)
[0622/204130.734:WARNING:pe_image_reader.cc(340)] could not read dos header from C:\WINDOWS\System32\ucrtbase.dll
[0622/204130.734:ERROR:process_memory_win.cc(73)] ReadMemory at 0x7ff963420000 of 64 bytes failed: Only part of a ReadProcessMemory or WriteProcessMemory request was completed. (0x12B)
[0622/204130.734:WARNING:pe_image_reader.cc(340)] could not read dos header from C:\WINDOWS\System32\combase.dll
[0622/204130.734:ERROR:process_memory_win.cc(73)] ReadMemory at 0x7ff961190000 of 64 bytes failed: Only part of a ReadProcessMemory or WriteProcessMemory request was completed. (0x12B)
[0622/204130.734:WARNING:pe_image_reader.cc(340)] could not read dos header from C:\WINDOWS\System32\WINTRUST.dll
[0622/204130.734:ERROR:process_memory_win.cc(73)] ReadMemory at 0x7ff9612a0000 of 64 bytes failed: Only part of a ReadProcessMemory or WriteProcessMemory request was completed. (0x12B)
[0622/204130.734:WARNING:pe_image_reader.cc(340)] could not read dos header from C:\WINDOWS\System32\CRYPT32.dll
[0622/204130.734:ERROR:process_memory_win.cc(73)] ReadMemory at 0x7ff960420000 of 64 bytes failed: Only part of a ReadProcessMemory or WriteProcessMemory request was completed. (0x12B)
[0622/204130.734:WARNING:pe_image_reader.cc(340)] could not read dos header from C:\WINDOWS\SYSTEM32\IPHLPAPI.DLL
[0622/204130.734:ERROR:process_memory_win.cc(73)] ReadMemory at 0x7ff955430000 of 64 bytes failed: Only part of a ReadProcessMemory or WriteProcessMemory request was completed. (0x12B)
[0622/204130.734:WARNING:pe_image_reader.cc(340)] could not read dos header from C:\WINDOWS\SYSTEM32\WINMM.dll
[0622/204130.734:ERROR:process_memory_win.cc(73)] ReadMemory at 0x7ff94c660000 of 64 bytes failed: Only part of a ReadProcessMemory or WriteProcessMemory request was completed. (0x12B)
[0622/204130.734:WARNING:pe_image_reader.cc(340)] could not read dos header from C:\WINDOWS\SYSTEM32\Secur32.dll
[0622/204130.734:ERROR:process_memory_win.cc(73)] ReadMemory at 0x7ff960e40000 of 64 bytes failed: Only part of a ReadProcessMemory or WriteProcessMemory request was completed. (0x12B)
[0622/204130.735:WARNING:pe_image_reader.cc(340)] could not read dos header from C:\WINDOWS\SYSTEM32\USERENV.dll
[0622/204130.735:ERROR:process_memory_win.cc(73)] ReadMemory at 0x7ff941be0000 of 64 bytes failed: Only part of a ReadProcessMemory or WriteProcessMemory request was completed. (0x12B)
[0622/204130.735:WARNING:pe_image_reader.cc(340)] could not read dos header from C:\WINDOWS\SYSTEM32\UIAutomationCore.DLL
[0622/204130.735:ERROR:process_memory_win.cc(73)] ReadMemory at 0x7ff959180000 of 64 bytes failed: Only part of a ReadProcessMemory or WriteProcessMemory request was completed. (0x12B)
[0622/204130.735:WARNING:pe_image_reader.cc(340)] could not read dos header from C:\WINDOWS\SYSTEM32\WINHTTP.dll
[0622/204130.735:ERROR:process_memory_win.cc(73)] ReadMemory at 0x7ff953680000 of 64 bytes failed: Only part of a ReadProcessMemory or WriteProcessMemory request was completed. (0x12B)
[0622/204130.735:WARNING:pe_image_reader.cc(340)] could not read dos header from C:\WINDOWS\SYSTEM32\DWrite.dll
[0622/204130.735:ERROR:process_memory_win.cc(73)] ReadMemory at 0x7ff94f780000 of 64 bytes failed: Only part of a ReadProcessMemory or WriteProcessMemory request was completed. (0x12B)
[0622/204130.735:WARNING:pe_image_reader.cc(340)] could not read dos header from C:\WINDOWS\SYSTEM32\WINSPOOL.DRV
[0622/204130.735:ERROR:process_memory_win.cc(73)] ReadMemory at 0x7ff94a330000 of 64 bytes failed: Only part of a ReadProcessMemory or WriteProcessMemory request was completed. (0x12B)
[0622/204130.735:WARNING:pe_image_reader.cc(340)] could not read dos header from C:\WINDOWS\SYSTEM32\dbghelp.dll
[0622/204130.735:ERROR:process_memory_win.cc(73)] ReadMemory at 0x7ff958060000 of 64 bytes failed: Only part of a ReadProcessMemory or WriteProcessMemory request was completed. (0x12B)
[0622/204130.735:WARNING:pe_image_reader.cc(340)] could not read dos header from C:\WINDOWS\SYSTEM32\dhcpcsvc.DLL
[0622/204130.735:ERROR:process_memory_win.cc(73)] ReadMemory at 0x7ff95cc00000 of 64 bytes failed: Only part of a ReadProcessMemory or WriteProcessMemory request was completed. (0x12B)
[0622/204130.735:WARNING:pe_image_reader.cc(340)] could not read dos header from C:\WINDOWS\SYSTEM32\PROPSYS.dll
[0622/204130.735:ERROR:process_memory_win.cc(73)] ReadMemory at 0x7ff960e70000 of 64 bytes failed: Only part of a ReadProcessMemory or WriteProcessMemory request was completed. (0x12B)
[0622/204130.735:WARNING:pe_image_reader.cc(340)] could not read dos header from C:\WINDOWS\SYSTEM32\SSPICLI.DLL
[0622/204130.735:ERROR:process_memory_win.cc(73)] ReadMemory at 0x7ff960b80000 of 64 bytes failed: Only part of a ReadProcessMemory or WriteProcessMemory request was completed. (0x12B)
[0622/204130.735:WARNING:pe_image_reader.cc(340)] could not read dos header from C:\WINDOWS\System32\MSASN1.dll
[0622/204130.735:ERROR:process_memory_win.cc(73)] ReadMemory at 0x7ff9611f0000 of 64 bytes failed: Only part of a ReadProcessMemory or WriteProcessMemory request was completed. (0x12B)
[0622/204130.735:WARNING:pe_image_reader.cc(340)] could not read dos header from C:\WINDOWS\System32\bcryptPrimitives.dll
[0622/204130.735:ERROR:process_memory_win.cc(73)] ReadMemory at 0x7ff960950000 of 64 bytes failed: Only part of a ReadProcessMemory or WriteProcessMemory request was completed. (0x12B)
[0622/204130.735:WARNING:pe_image_reader.cc(340)] could not read dos header from C:\WINDOWS\SYSTEM32\CRYPTBASE.DLL
[0622/204130.735:ERROR:process_memory_win.cc(73)] ReadMemory at 0x7ff960ec0000 of 64 bytes failed: Only part of a ReadProcessMemory or WriteProcessMemory request was completed. (0x12B)
[0622/204130.735:WARNING:pe_image_reader.cc(340)] could not read dos header from C:\WINDOWS\System32\profapi.dll
[0622/204130.735:ERROR:process_memory_win.cc(73)] ReadMemory at 0x7ff7e80b0000 of 64 bytes failed: Only part of a ReadProcessMemory or WriteProcessMemory request was completed. (0x12B)
[0622/204130.735:WARNING:pe_image_reader.cc(340)] could not read dos header from C:\Program Files (x86)\Microsoft\Edge\Application\msedge.exe
[0622/204130.735:ERROR:process_memory_win.cc(73)] ReadMemory at 0x7ff7e80b0000 of 64 bytes failed: Only part of a ReadProcessMemory or WriteProcessMemory request was completed. (0x12B)
[0622/204130.735:WARNING:pe_image_reader.cc(340)] could not read dos header from C:\Program Files (x86)\Microsoft\Edge\Application\msedge.exe
[0622/204130.735:ERROR:process_memory_win.cc(73)] ReadMemory at 0x7ff963830000 of 64 bytes failed: Only part of a ReadProcessMemory or WriteProcessMemory request was completed. (0x12B)
[0622/204130.735:WARNING:pe_image_reader.cc(340)] could not read dos header from C:\WINDOWS\SYSTEM32\ntdll.dll
[0622/204130.735:ERROR:process_memory_win.cc(73)] ReadMemory at 0x7ff963830000 of 64 bytes failed: Only part of a ReadProcessMemory or WriteProcessMemory request was completed. (0x12B)
[0622/204130.735:WARNING:pe_image_reader.cc(340)] could not read dos header from C:\WINDOWS\SYSTEM32\ntdll.dll
[0622/204130.735:ERROR:process_memory_win.cc(73)] ReadMemory at 0x7ff962210000 of 64 bytes failed: Only part of a ReadProcessMemory or WriteProcessMemory request was completed. (0x12B)
[0622/204130.735:WARNING:pe_image_reader.cc(340)] could not read dos header from C:\WINDOWS\System32\KERNEL32.DLL
[0622/204130.735:ERROR:process_memory_win.cc(73)] ReadMemory at 0x7ff962210000 of 64 bytes failed: Only part of a ReadProcessMemory or WriteProcessMemory request was completed. (0x12B)
[0622/204130.735:WARNING:pe_image_reader.cc(340)] could not read dos header from C:\WINDOWS\System32\KERNEL32.DLL
[0622/204130.735:ERROR:process_memory_win.cc(73)] ReadMemory at 0x7ff961500000 of 64 bytes failed: Only part of a ReadProcessMemory or WriteProcessMemory request was completed. (0x12B)
[0622/204130.735:WARNING:pe_image_reader.cc(340)] could not read dos header from C:\WINDOWS\System32\KERNELBASE.dll
[0622/204130.735:ERROR:process_memory_win.cc(73)] ReadMemory at 0x7ff961500000 of 64 bytes failed: Only part of a ReadProcessMemory or WriteProcessMemory request was completed. (0x12B)
[0622/204130.735:WARNING:pe_image_reader.cc(340)] could not read dos header from C:\WINDOWS\System32\KERNELBASE.dll
[0622/204130.736:ERROR:process_memory_win.cc(73)] ReadMemory at 0x7ff934710000 of 64 bytes failed: Only part of a ReadProcessMemory or WriteProcessMemory request was completed. (0x12B)
[0622/204130.736:WARNING:pe_image_reader.cc(340)] could not read dos header from C:\Program Files (x86)\Microsoft\Edge\Application\83.0.478.54\msedge_elf.dll
[0622/204130.736:ERROR:process_memory_win.cc(73)] ReadMemory at 0x7ff934710000 of 64 bytes failed: Only part of a ReadProcessMemory or WriteProcessMemory request was completed. (0x12B)
[0622/204130.736:WARNING:pe_image_reader.cc(340)] could not read dos header from C:\Program Files (x86)\Microsoft\Edge\Application\83.0.478.54\msedge_elf.dll
[0622/204130.736:ERROR:process_memory_win.cc(73)] ReadMemory at 0x7ff961d80000 of 64 bytes failed: Only part of a ReadProcessMemory or WriteProcessMemory request was completed. (0x12B)
[0622/204130.736:WARNING:pe_image_reader.cc(340)] could not read dos header from C:\WINDOWS\System32\ADVAPI32.dll
[0622/204130.736:ERROR:process_memory_win.cc(73)] ReadMemory at 0x7ff961d80000 of 64 bytes failed: Only part of a ReadProcessMemory or WriteProcessMemory request was completed. (0x12B)
[0622/204130.736:WARNING:pe_image_reader.cc(340)] could not read dos header from C:\WINDOWS\System32\ADVAPI32.dll
[0622/204130.736:ERROR:process_memory_win.cc(73)] ReadMemory at 0x7ff9619e0000 of 64 bytes failed: Only part of a ReadProcessMemory or WriteProcessMemory request was completed. (0x12B)
[0622/204130.736:WARNING:pe_image_reader.cc(340)] could not read dos header from C:\WINDOWS\System32\msvcrt.dll
[0622/204130.736:ERROR:process_memory_win.cc(73)] ReadMemory at 0x7ff9619e0000 of 64 bytes failed: Only part of a ReadProcessMemory or WriteProcessMemory request was completed. (0x12B)
[0622/204130.736:WARNING:pe_image_reader.cc(340)] could not read dos header from C:\WINDOWS\System32\msvcrt.dll
[0622/204130.736:ERROR:process_memory_win.cc(73)] ReadMemory at 0x7ff962c00000 of 64 bytes failed: Only part of a ReadProcessMemory or WriteProcessMemory request was completed. (0x12B)
[0622/204130.736:WARNING:pe_image_reader.cc(340)] could not read dos header from C:\WINDOWS\System32\sechost.dll
[0622/204130.736:ERROR:process_memory_win.cc(73)] ReadMemory at 0x7ff962c00000 of 64 bytes failed: Only part of a ReadProcessMemory or WriteProcessMemory request was completed. (0x12B)
[0622/204130.736:WARNING:pe_image_reader.cc(340)] could not read dos header from C:\WINDOWS\System32\sechost.dll
[0622/204130.736:ERROR:process_memory_win.cc(73)] ReadMemory at 0x7ff961c20000 of 64 bytes failed: Only part of a ReadProcessMemory or WriteProcessMemory request was completed. (0x12B)
[0622/204130.736:WARNING:pe_image_reader.cc(340)] could not read dos header from C:\WINDOWS\System32\RPCRT4.dll
[0622/204130.736:ERROR:process_memory_win.cc(73)] ReadMemory at 0x7ff961c20000 of 64 bytes failed: Only part of a ReadProcessMemory or WriteProcessMemory request was completed. (0x12B)
[0622/204130.736:WARNING:pe_image_reader.cc(340)] could not read dos header from C:\WINDOWS\System32\RPCRT4.dll
[0622/204130.736:ERROR:process_memory_win.cc(73)] ReadMemory at 0x7ff91fac0000 of 64 bytes failed: Only part of a ReadProcessMemory or WriteProcessMemory request was completed. (0x12B)
[0622/204130.736:WARNING:pe_image_reader.cc(340)] could not read dos header from C:\Program Files (x86)\Microsoft\Edge\Application\83.0.478.54\msedge.dll
[0622/204130.736:ERROR:process_memory_win.cc(73)] ReadMemory at 0x7ff91fac0000 of 64 bytes failed: Only part of a ReadProcessMemory or WriteProcessMemory request was completed. (0x12B)
[0622/204130.736:WARNING:pe_image_reader.cc(340)] could not read dos header from C:\Program Files (x86)\Microsoft\Edge\Application\83.0.478.54\msedge.dll
[0622/204130.736:ERROR:process_memory_win.cc(73)] ReadMemory at 0x7ff963780000 of 64 bytes failed: Only part of a ReadProcessMemory or WriteProcessMemory request was completed. (0x12B)
[0622/204130.736:WARNING:pe_image_reader.cc(340)] could not read dos header from C:\WINDOWS\System32\WS2_32.dll
[0622/204130.736:ERROR:process_memory_win.cc(73)] ReadMemory at 0x7ff963780000 of 64 bytes failed: Only part of a ReadProcessMemory or WriteProcessMemory request was completed. (0x12B)
[0622/204130.736:WARNING:pe_image_reader.cc(340)] could not read dos header from C:\WINDOWS\System32\WS2_32.dll
[0622/204130.736:ERROR:process_memory_win.cc(73)] ReadMemory at 0x7ff962ca0000 of 64 bytes failed: Only part of a ReadProcessMemory or WriteProcessMemory request was completed. (0x12B)
[0622/204130.736:WARNING:pe_image_reader.cc(340)] could not read dos header from C:\WINDOWS\System32\OLEAUT32.dll
[0622/204130.736:ERROR:process_memory_win.cc(73)] ReadMemory at 0x7ff962ca0000 of 64 bytes failed: Only part of a ReadProcessMemory or WriteProcessMemory request was completed. (0x12B)
[0622/204130.736:WARNING:pe_image_reader.cc(340)] could not read dos header from C:\WINDOWS\System32\OLEAUT32.dll
[0622/204130.736:ERROR:process_memory_win.cc(73)] ReadMemory at 0x7ff9617d0000 of 64 bytes failed: Only part of a ReadProcessMemory or WriteProcessMemory request was completed. (0x12B)
[0622/204130.736:WARNING:pe_image_reader.cc(340)] could not read dos header from C:\WINDOWS\System32\msvcp_win.dll
[0622/204130.736:ERROR:process_memory_win.cc(73)] ReadMemory at 0x7ff9617d0000 of 64 bytes failed: Only part of a ReadProcessMemory or WriteProcessMemory request was completed. (0x12B)
[0622/204130.736:WARNING:pe_image_reader.cc(340)] could not read dos header from C:\WINDOWS\System32\msvcp_win.dll
[0622/204130.736:ERROR:process_memory_win.cc(73)] ReadMemory at 0x7ff961090000 of 64 bytes failed: Only part of a ReadProcessMemory or WriteProcessMemory request was completed. (0x12B)
[0622/204130.736:WARNING:pe_image_reader.cc(340)] could not read dos header from C:\WINDOWS\System32\ucrtbase.dll
[0622/204130.736:ERROR:process_memory_win.cc(73)] ReadMemory at 0x7ff961090000 of 64 bytes failed: Only part of a ReadProcessMemory or WriteProcessMemory request was completed. (0x12B)
[0622/204130.736:WARNING:pe_image_reader.cc(340)] could not read dos header from C:\WINDOWS\System32\ucrtbase.dll
[0622/204130.736:ERROR:process_memory_win.cc(73)] ReadMemory at 0x7ff963420000 of 64 bytes failed: Only part of a ReadProcessMemory or WriteProcessMemory request was completed. (0x12B)
[0622/204130.736:WARNING:pe_image_reader.cc(340)] could not read dos header from C:\WINDOWS\System32\combase.dll
[0622/204130.736:ERROR:process_memory_win.cc(73)] ReadMemory at 0x7ff963420000 of 64 bytes failed: Only part of a ReadProcessMemory or WriteProcessMemory request was completed. (0x12B)
[0622/204130.736:WARNING:pe_image_reader.cc(340)] could not read dos header from C:\WINDOWS\System32\combase.dll
[0622/204130.736:ERROR:process_memory_win.cc(73)] ReadMemory at 0x7ff961190000 of 64 bytes failed: Only part of a ReadProcessMemory or WriteProcessMemory request was completed. (0x12B)
[0622/204130.736:WARNING:pe_image_reader.cc(340)] could not read dos header from C:\WINDOWS\System32\WINTRUST.dll
[0622/204130.737:ERROR:process_memory_win.cc(73)] ReadMemory at 0x7ff961190000 of 64 bytes failed: Only part of a ReadProcessMemory or WriteProcessMemory request was completed. (0x12B)
[0622/204130.737:WARNING:pe_image_reader.cc(340)] could not read dos header from C:\WINDOWS\System32\WINTRUST.dll
[0622/204130.737:ERROR:process_memory_win.cc(73)] ReadMemory at 0x7ff9612a0000 of 64 bytes failed: Only part of a ReadProcessMemory or WriteProcessMemory request was completed. (0x12B)
[0622/204130.737:WARNING:pe_image_reader.cc(340)] could not read dos header from C:\WINDOWS\System32\CRYPT32.dll
[0622/204130.737:ERROR:process_memory_win.cc(73)] ReadMemory at 0x7ff9612a0000 of 64 bytes failed: Only part of a ReadProcessMemory or WriteProcessMemory request was completed. (0x12B)
[0622/204130.737:WARNING:pe_image_reader.cc(340)] could not read dos header from C:\WINDOWS\System32\CRYPT32.dll
[0622/204130.737:ERROR:process_memory_win.cc(73)] ReadMemory at 0x7ff960420000 of 64 bytes failed: Only part of a ReadProcessMemory or WriteProcessMemory request was completed. (0x12B)
[0622/204130.737:WARNING:pe_image_reader.cc(340)] could not read dos header from C:\WINDOWS\SYSTEM32\IPHLPAPI.DLL
[0622/204130.737:ERROR:process_memory_win.cc(73)] ReadMemory at 0x7ff960420000 of 64 bytes failed: Only part of a ReadProcessMemory or WriteProcessMemory request was completed. (0x12B)
[0622/204130.737:WARNING:pe_image_reader.cc(340)] could not read dos header from C:\WINDOWS\SYSTEM32\IPHLPAPI.DLL
[0622/204130.737:ERROR:process_memory_win.cc(73)] ReadMemory at 0x7ff955430000 of 64 bytes failed: Only part of a ReadProcessMemory or WriteProcessMemory request was completed. (0x12B)
[0622/204130.737:WARNING:pe_image_reader.cc(340)] could not read dos header from C:\WINDOWS\SYSTEM32\WINMM.dll
[0622/204130.737:ERROR:process_memory_win.cc(73)] ReadMemory at 0x7ff955430000 of 64 bytes failed: Only part of a ReadProcessMemory or WriteProcessMemory request was completed. (0x12B)
[0622/204130.737:WARNING:pe_image_reader.cc(340)] could not read dos header from C:\WINDOWS\SYSTEM32\WINMM.dll
[0622/204130.737:ERROR:process_memory_win.cc(73)] ReadMemory at 0x7ff94c660000 of 64 bytes failed: Only part of a ReadProcessMemory or WriteProcessMemory request was completed. (0x12B)
[0622/204130.737:WARNING:pe_image_reader.cc(340)] could not read dos header from C:\WINDOWS\SYSTEM32\Secur32.dll
[0622/204130.737:ERROR:process_memory_win.cc(73)] ReadMemory at 0x7ff94c660000 of 64 bytes failed: Only part of a ReadProcessMemory or WriteProcessMemory request was completed. (0x12B)
[0622/204130.737:WARNING:pe_image_reader.cc(340)] could not read dos header from C:\WINDOWS\SYSTEM32\Secur32.dll
[0622/204130.737:ERROR:process_memory_win.cc(73)] ReadMemory at 0x7ff960e40000 of 64 bytes failed: Only part of a ReadProcessMemory or WriteProcessMemory request was completed. (0x12B)
[0622/204130.737:WARNING:pe_image_reader.cc(340)] could not read dos header from C:\WINDOWS\SYSTEM32\USERENV.dll
[0622/204130.737:ERROR:process_memory_win.cc(73)] ReadMemory at 0x7ff960e40000 of 64 bytes failed: Only part of a ReadProcessMemory or WriteProcessMemory request was completed. (0x12B)
[0622/204130.737:WARNING:pe_image_reader.cc(340)] could not read dos header from C:\WINDOWS\SYSTEM32\USERENV.dll
[0622/204130.737:ERROR:process_memory_win.cc(73)] ReadMemory at 0x7ff941be0000 of 64 bytes failed: Only part of a ReadProcessMemory or WriteProcessMemory request was completed. (0x12B)
[0622/204130.737:WARNING:pe_image_reader.cc(340)] could not read dos header from C:\WINDOWS\SYSTEM32\UIAutomationCore.DLL
[0622/204130.737:ERROR:process_memory_win.cc(73)] ReadMemory at 0x7ff941be0000 of 64 bytes failed: Only part of a ReadProcessMemory or WriteProcessMemory request was completed. (0x12B)
[0622/204130.737:WARNING:pe_image_reader.cc(340)] could not read dos header from C:\WINDOWS\SYSTEM32\UIAutomationCore.DLL
[0622/204130.737:ERROR:process_memory_win.cc(73)] ReadMemory at 0x7ff959180000 of 64 bytes failed: Only part of a ReadProcessMemory or WriteProcessMemory request was completed. (0x12B)
[0622/204130.737:WARNING:pe_image_reader.cc(340)] could not read dos header from C:\WINDOWS\SYSTEM32\WINHTTP.dll
[0622/204130.737:ERROR:process_memory_win.cc(73)] ReadMemory at 0x7ff959180000 of 64 bytes failed: Only part of a ReadProcessMemory or WriteProcessMemory request was completed. (0x12B)
[0622/204130.737:WARNING:pe_image_reader.cc(340)] could not read dos header from C:\WINDOWS\SYSTEM32\WINHTTP.dll
[0622/204130.737:ERROR:process_memory_win.cc(73)] ReadMemory at 0x7ff953680000 of 64 bytes failed: Only part of a ReadProcessMemory or WriteProcessMemory request was completed. (0x12B)
[0622/204130.737:WARNING:pe_image_reader.cc(340)] could not read dos header from C:\WINDOWS\SYSTEM32\DWrite.dll
[0622/204130.737:ERROR:process_memory_win.cc(73)] ReadMemory at 0x7ff953680000 of 64 bytes failed: Only part of a ReadProcessMemory or WriteProcessMemory request was completed. (0x12B)
[0622/204130.737:WARNING:pe_image_reader.cc(340)] could not read dos header from C:\WINDOWS\SYSTEM32\DWrite.dll
[0622/204130.737:ERROR:process_memory_win.cc(73)] ReadMemory at 0x7ff94f780000 of 64 bytes failed: Only part of a ReadProcessMemory or WriteProcessMemory request was completed. (0x12B)
[0622/204130.737:WARNING:pe_image_reader.cc(340)] could not read dos header from C:\WINDOWS\SYSTEM32\WINSPOOL.DRV
[0622/204130.737:ERROR:process_memory_win.cc(73)] ReadMemory at 0x7ff94f780000 of 64 bytes failed: Only part of a ReadProcessMemory or WriteProcessMemory request was completed. (0x12B)
[0622/204130.737:WARNING:pe_image_reader.cc(340)] could not read dos header from C:\WINDOWS\SYSTEM32\WINSPOOL.DRV
[0622/204130.737:ERROR:process_memory_win.cc(73)] ReadMemory at 0x7ff94a330000 of 64 bytes failed: Only part of a ReadProcessMemory or WriteProcessMemory request was completed. (0x12B)
[0622/204130.737:WARNING:pe_image_reader.cc(340)] could not read dos header from C:\WINDOWS\SYSTEM32\dbghelp.dll
[0622/204130.737:ERROR:process_memory_win.cc(73)] ReadMemory at 0x7ff94a330000 of 64 bytes failed: Only part of a ReadProcessMemory or WriteProcessMemory request was completed. (0x12B)
[0622/204130.737:WARNING:pe_image_reader.cc(340)] could not read dos header from C:\WINDOWS\SYSTEM32\dbghelp.dll
[0622/204130.737:ERROR:process_memory_win.cc(73)] ReadMemory at 0x7ff958060000 of 64 bytes failed: Only part of a ReadProcessMemory or WriteProcessMemory request was completed. (0x12B)
[0622/204130.738:WARNING:pe_image_reader.cc(340)] could not read dos header from C:\WINDOWS\SYSTEM32\dhcpcsvc.DLL
[0622/204130.738:ERROR:process_memory_win.cc(73)] ReadMemory at 0x7ff958060000 of 64 bytes failed: Only part of a ReadProcessMemory or WriteProcessMemory request was completed. (0x12B)
[0622/204130.738:WARNING:pe_image_reader.cc(340)] could not read dos header from C:\WINDOWS\SYSTEM32\dhcpcsvc.DLL
[0622/204130.738:ERROR:process_memory_win.cc(73)] ReadMemory at 0x7ff95cc00000 of 64 bytes failed: Only part of a ReadProcessMemory or WriteProcessMemory request was completed. (0x12B)
[0622/204130.738:WARNING:pe_image_reader.cc(340)] could not read dos header from C:\WINDOWS\SYSTEM32\PROPSYS.dll
[0622/204130.738:ERROR:process_memory_win.cc(73)] ReadMemory at 0x7ff95cc00000 of 64 bytes failed: Only part of a ReadProcessMemory or WriteProcessMemory request was completed. (0x12B)
[0622/204130.738:WARNING:pe_image_reader.cc(340)] could not read dos header from C:\WINDOWS\SYSTEM32\PROPSYS.dll
[0622/204130.738:ERROR:process_memory_win.cc(73)] ReadMemory at 0x7ff960e70000 of 64 bytes failed: Only part of a ReadProcessMemory or WriteProcessMemory request was completed. (0x12B)
[0622/204130.738:WARNING:pe_image_reader.cc(340)] could not read dos header from C:\WINDOWS\SYSTEM32\SSPICLI.DLL
[0622/204130.738:ERROR:process_memory_win.cc(73)] ReadMemory at 0x7ff960e70000 of 64 bytes failed: Only part of a ReadProcessMemory or WriteProcessMemory request was completed. (0x12B)
[0622/204130.738:WARNING:pe_image_reader.cc(340)] could not read dos header from C:\WINDOWS\SYSTEM32\SSPICLI.DLL
[0622/204130.738:ERROR:process_memory_win.cc(73)] ReadMemory at 0x7ff960b80000 of 64 bytes failed: Only part of a ReadProcessMemory or WriteProcessMemory request was completed. (0x12B)
[0622/204130.738:WARNING:pe_image_reader.cc(340)] could not read dos header from C:\WINDOWS\System32\MSASN1.dll
[0622/204130.738:ERROR:process_memory_win.cc(73)] ReadMemory at 0x7ff960b80000 of 64 bytes failed: Only part of a ReadProcessMemory or WriteProcessMemory request was completed. (0x12B)
[0622/204130.738:WARNING:pe_image_reader.cc(340)] could not read dos header from C:\WINDOWS\System32\MSASN1.dll
[0622/204130.738:ERROR:process_memory_win.cc(73)] ReadMemory at 0x7ff9611f0000 of 64 bytes failed: Only part of a ReadProcessMemory or WriteProcessMemory request was completed. (0x12B)
[0622/204130.738:WARNING:pe_image_reader.cc(340)] could not read dos header from C:\WINDOWS\System32\bcryptPrimitives.dll
[0622/204130.738:ERROR:process_memory_win.cc(73)] ReadMemory at 0x7ff9611f0000 of 64 bytes failed: Only part of a ReadProcessMemory or WriteProcessMemory request was completed. (0x12B)
[0622/204130.738:WARNING:pe_image_reader.cc(340)] could not read dos header from C:\WINDOWS\System32\bcryptPrimitives.dll
[0622/204130.738:ERROR:process_memory_win.cc(73)] ReadMemory at 0x7ff960950000 of 64 bytes failed: Only part of a ReadProcessMemory or WriteProcessMemory request was completed. (0x12B)
[0622/204130.738:WARNING:pe_image_reader.cc(340)] could not read dos header from C:\WINDOWS\SYSTEM32\CRYPTBASE.DLL
[0622/204130.738:ERROR:process_memory_win.cc(73)] ReadMemory at 0x7ff960950000 of 64 bytes failed: Only part of a ReadProcessMemory or WriteProcessMemory request was completed. (0x12B)
[0622/204130.738:WARNING:pe_image_reader.cc(340)] could not read dos header from C:\WINDOWS\SYSTEM32\CRYPTBASE.DLL
[0622/204130.738:ERROR:process_memory_win.cc(73)] ReadMemory at 0x7ff960ec0000 of 64 bytes failed: Only part of a ReadProcessMemory or WriteProcessMemory request was completed. (0x12B)
[0622/204130.738:WARNING:pe_image_reader.cc(340)] could not read dos header from C:\WINDOWS\System32\profapi.dll
[0622/204130.738:ERROR:process_memory_win.cc(73)] ReadMemory at 0x7ff960ec0000 of 64 bytes failed: Only part of a ReadProcessMemory or WriteProcessMemory request was completed. (0x12B)
[0622/204130.738:WARNING:pe_image_reader.cc(340)] could not read dos header from C:\WINDOWS\System32\profapi.dll
[0622/204130.757:ERROR:process_memory_win.cc(73)] ReadMemory at 0x7ff7e80b0000 of 64 bytes failed: Only part of a ReadProcessMemory or WriteProcessMemory request was completed. (0x12B)
[0622/204130.757:WARNING:pe_image_reader.cc(340)] could not read dos header from C:\Program Files (x86)\Microsoft\Edge\Application\msedge.exe
[0622/204130.757:ERROR:process_memory_win.cc(73)] ReadMemory at 0x7ff963830000 of 64 bytes failed: Only part of a ReadProcessMemory or WriteProcessMemory request was completed. (0x12B)
[0622/204130.757:WARNING:pe_image_reader.cc(340)] could not read dos header from C:\WINDOWS\SYSTEM32\ntdll.dll
[0622/204130.757:ERROR:process_memory_win.cc(73)] ReadMemory at 0x7ff962210000 of 64 bytes failed: Only part of a ReadProcessMemory or WriteProcessMemory request was completed. (0x12B)
[0622/204130.757:WARNING:pe_image_reader.cc(340)] could not read dos header from C:\WINDOWS\System32\KERNEL32.DLL
[0622/204130.757:ERROR:process_memory_win.cc(73)] ReadMemory at 0x7ff961500000 of 64 bytes failed: Only part of a ReadProcessMemory or WriteProcessMemory request was completed. (0x12B)
[0622/204130.757:WARNING:pe_image_reader.cc(340)] could not read dos header from C:\WINDOWS\System32\KERNELBASE.dll
[0622/204130.757:ERROR:process_memory_win.cc(73)] ReadMemory at 0x7ff934710000 of 64 bytes failed: Only part of a ReadProcessMemory or WriteProcessMemory request was completed. (0x12B)
[0622/204130.757:WARNING:pe_image_reader.cc(340)] could not read dos header from C:\Program Files (x86)\Microsoft\Edge\Application\83.0.478.54\msedge_elf.dll
[0622/204130.757:ERROR:process_memory_win.cc(73)] ReadMemory at 0x7ff961d80000 of 64 bytes failed: Only part of a ReadProcessMemory or WriteProcessMemory request was completed. (0x12B)
[0622/204130.757:WARNING:pe_image_reader.cc(340)] could not read dos header from C:\WINDOWS\System32\ADVAPI32.dll
[0622/204130.757:ERROR:process_memory_win.cc(73)] ReadMemory at 0x7ff9619e0000 of 64 bytes failed: Only part of a ReadProcessMemory or WriteProcessMemory request was completed. (0x12B)
[0622/204130.757:WARNING:pe_image_reader.cc(340)] could not read dos header from C:\WINDOWS\System32\msvcrt.dll
[0622/204130.757:ERROR:process_memory_win.cc(73)] ReadMemory at 0x7ff962c00000 of 64 bytes failed: Only part of a ReadProcessMemory or WriteProcessMemory request was completed. (0x12B)
[0622/204130.757:WARNING:pe_image_reader.cc(340)] could not read dos header from C:\WINDOWS\System32\sechost.dll
[0622/204130.757:ERROR:process_memory_win.cc(73)] ReadMemory at 0x7ff961c20000 of 64 bytes failed: Only part of a ReadProcessMemory or WriteProcessMemory request was completed. (0x12B)
[0622/204130.757:WARNING:pe_image_reader.cc(340)] could not read dos header from C:\WINDOWS\System32\RPCRT4.dll
[0622/204130.757:ERROR:process_memory_win.cc(73)] ReadMemory at 0x7ff91fac0000 of 64 bytes failed: Only part of a ReadProcessMemory or WriteProcessMemory request was completed. (0x12B)
[0622/204130.757:WARNING:pe_image_reader.cc(340)] could not read dos header from C:\Program Files (x86)\Microsoft\Edge\Application\83.0.478.54\msedge.dll
[0622/204130.757:ERROR:process_memory_win.cc(73)] ReadMemory at 0x7ff963780000 of 64 bytes failed: Only part of a ReadProcessMemory or WriteProcessMemory request was completed. (0x12B)
[0622/204130.757:WARNING:pe_image_reader.cc(340)] could not read dos header from C:\WINDOWS\System32\WS2_32.dll
[0622/204130.757:ERROR:process_memory_win.cc(73)] ReadMemory at 0x7ff962ca0000 of 64 bytes failed: Only part of a ReadProcessMemory or WriteProcessMemory request was completed. (0x12B)
[0622/204130.757:WARNING:pe_image_reader.cc(340)] could not read dos header from C:\WINDOWS\System32\OLEAUT32.dll
[0622/204130.757:ERROR:process_memory_win.cc(73)] ReadMemory at 0x7ff9617d0000 of 64 bytes failed: Only part of a ReadProcessMemory or WriteProcessMemory request was completed. (0x12B)
[0622/204130.757:WARNING:pe_image_reader.cc(340)] could not read dos header from C:\WINDOWS\System32\msvcp_win.dll
[0622/204130.757:ERROR:process_memory_win.cc(73)] ReadMemory at 0x7ff961090000 of 64 bytes failed: Only part of a ReadProcessMemory or WriteProcessMemory request was completed. (0x12B)
[0622/204130.757:WARNING:pe_image_reader.cc(340)] could not read dos header from C:\WINDOWS\System32\ucrtbase.dll
[0622/204130.757:ERROR:process_memory_win.cc(73)] ReadMemory at 0x7ff963420000 of 64 bytes failed: Only part of a ReadProcessMemory or WriteProcessMemory request was completed. (0x12B)
[0622/204130.757:WARNING:pe_image_reader.cc(340)] could not read dos header from C:\WINDOWS\System32\combase.dll
[0622/204130.757:ERROR:process_memory_win.cc(73)] ReadMemory at 0x7ff961190000 of 64 bytes failed: Only part of a ReadProcessMemory or WriteProcessMemory request was completed. (0x12B)
[0622/204130.758:WARNING:pe_image_reader.cc(340)] could not read dos header from C:\WINDOWS\System32\WINTRUST.dll
[0622/204130.758:ERROR:process_memory_win.cc(73)] ReadMemory at 0x7ff9612a0000 of 64 bytes failed: Only part of a ReadProcessMemory or WriteProcessMemory request was completed. (0x12B)
[0622/204130.758:WARNING:pe_image_reader.cc(340)] could not read dos header from C:\WINDOWS\System32\CRYPT32.dll
[0622/204130.758:ERROR:process_memory_win.cc(73)] ReadMemory at 0x7ff960420000 of 64 bytes failed: Only part of a ReadProcessMemory or WriteProcessMemory request was completed. (0x12B)
[0622/204130.758:WARNING:pe_image_reader.cc(340)] could not read dos header from C:\WINDOWS\SYSTEM32\IPHLPAPI.DLL
[0622/204130.758:ERROR:process_memory_win.cc(73)] ReadMemory at 0x7ff955430000 of 64 bytes failed: Only part of a ReadProcessMemory or WriteProcessMemory request was completed. (0x12B)
[0622/204130.758:WARNING:pe_image_reader.cc(340)] could not read dos header from C:\WINDOWS\SYSTEM32\WINMM.dll
[0622/204130.758:ERROR:process_memory_win.cc(73)] ReadMemory at 0x7ff94c660000 of 64 bytes failed: Only part of a ReadProcessMemory or WriteProcessMemory request was completed. (0x12B)
[0622/204130.758:WARNING:pe_image_reader.cc(340)] could not read dos header from C:\WINDOWS\SYSTEM32\Secur32.dll
[0622/204130.758:ERROR:process_memory_win.cc(73)] ReadMemory at 0x7ff960e40000 of 64 bytes failed: Only part of a ReadProcessMemory or WriteProcessMemory request was completed. (0x12B)
[0622/204130.758:WARNING:pe_image_reader.cc(340)] could not read dos header from C:\WINDOWS\SYSTEM32\USERENV.dll
[0622/204130.758:ERROR:process_memory_win.cc(73)] ReadMemory at 0x7ff941be0000 of 64 bytes failed: Only part of a ReadProcessMemory or WriteProcessMemory request was completed. (0x12B)
[0622/204130.758:WARNING:pe_image_reader.cc(340)] could not read dos header from C:\WINDOWS\SYSTEM32\UIAutomationCore.DLL
[0622/204130.758:ERROR:process_memory_win.cc(73)] ReadMemory at 0x7ff959180000 of 64 bytes failed: Only part of a ReadProcessMemory or WriteProcessMemory request was completed. (0x12B)
[0622/204130.758:WARNING:pe_image_reader.cc(340)] could not read dos header from C:\WINDOWS\SYSTEM32\WINHTTP.dll
[0622/204130.758:ERROR:process_memory_win.cc(73)] ReadMemory at 0x7ff953680000 of 64 bytes failed: Only part of a ReadProcessMemory or WriteProcessMemory request was completed. (0x12B)
[0622/204130.758:WARNING:pe_image_reader.cc(340)] could not read dos header from C:\WINDOWS\SYSTEM32\DWrite.dll
[0622/204130.758:ERROR:process_memory_win.cc(73)] ReadMemory at 0x7ff94f780000 of 64 bytes failed: Only part of a ReadProcessMemory or WriteProcessMemory request was completed. (0x12B)
[0622/204130.758:WARNING:pe_image_reader.cc(340)] could not read dos header from C:\WINDOWS\SYSTEM32\WINSPOOL.DRV
[0622/204130.758:ERROR:process_memory_win.cc(73)] ReadMemory at 0x7ff94a330000 of 64 bytes failed: Only part of a ReadProcessMemory or WriteProcessMemory request was completed. (0x12B)
[0622/204130.758:WARNING:pe_image_reader.cc(340)] could not read dos header from C:\WINDOWS\SYSTEM32\dbghelp.dll
[0622/204130.758:ERROR:process_memory_win.cc(73)] ReadMemory at 0x7ff958060000 of 64 bytes failed: Only part of a ReadProcessMemory or WriteProcessMemory request was completed. (0x12B)
[0622/204130.758:WARNING:pe_image_reader.cc(340)] could not read dos header from C:\WINDOWS\SYSTEM32\dhcpcsvc.DLL
[0622/204130.758:ERROR:process_memory_win.cc(73)] ReadMemory at 0x7ff95cc00000 of 64 bytes failed: Only part of a ReadProcessMemory or WriteProcessMemory request was completed. (0x12B)
[0622/204130.758:WARNING:pe_image_reader.cc(340)] could not read dos header from C:\WINDOWS\SYSTEM32\PROPSYS.dll
[0622/204130.758:ERROR:process_memory_win.cc(73)] ReadMemory at 0x7ff960e70000 of 64 bytes failed: Only part of a ReadProcessMemory or WriteProcessMemory request was completed. (0x12B)
[0622/204130.758:WARNING:pe_image_reader.cc(340)] could not read dos header from C:\WINDOWS\SYSTEM32\SSPICLI.DLL
[0622/204130.758:ERROR:process_memory_win.cc(73)] ReadMemory at 0x7ff960b80000 of 64 bytes failed: Only part of a ReadProcessMemory or WriteProcessMemory request was completed. (0x12B)
[0622/204130.758:WARNING:pe_image_reader.cc(340)] could not read dos header from C:\WINDOWS\System32\MSASN1.dll
[0622/204130.758:ERROR:process_memory_win.cc(73)] ReadMemory at 0x7ff9611f0000 of 64 bytes failed: Only part of a ReadProcessMemory or WriteProcessMemory request was completed. (0x12B)
[0622/204130.758:WARNING:pe_image_reader.cc(340)] could not read dos header from C:\WINDOWS\System32\bcryptPrimitives.dll
[0622/204130.758:ERROR:process_memory_win.cc(73)] ReadMemory at 0x7ff960950000 of 64 bytes failed: Only part of a ReadProcessMemory or WriteProcessMemory request was completed. (0x12B)
[0622/204130.758:WARNING:pe_image_reader.cc(340)] could not read dos header from C:\WINDOWS\SYSTEM32\CRYPTBASE.DLL
[0622/204130.758:ERROR:process_memory_win.cc(73)] ReadMemory at 0x7ff960ec0000 of 64 bytes failed: Only part of a ReadProcessMemory or WriteProcessMemory request was completed. (0x12B)
[0622/204130.758:WARNING:pe_image_reader.cc(340)] could not read dos header from C:\WINDOWS\System32\profapi.dll
[0622/204130.760:ERROR:process_memory_win.cc(73)] ReadMemory at 0x7ff7e80b0000 of 64 bytes failed: Only part of a ReadProcessMemory or WriteProcessMemory request was completed. (0x12B)
[0622/204130.760:WARNING:pe_image_reader.cc(340)] could not read dos header from C:\Program Files (x86)\Microsoft\Edge\Application\msedge.exe
[0622/204130.761:ERROR:process_memory_win.cc(73)] ReadMemory at 0x7ff963830000 of 64 bytes failed: Only part of a ReadProcessMemory or WriteProcessMemory request was completed. (0x12B)
[0622/204130.761:WARNING:pe_image_reader.cc(340)] could not read dos header from C:\WINDOWS\SYSTEM32\ntdll.dll
[0622/204130.761:ERROR:process_memory_win.cc(73)] ReadMemory at 0x7ff962210000 of 64 bytes failed: Only part of a ReadProcessMemory or WriteProcessMemory request was completed. (0x12B)
[0622/204130.761:WARNING:pe_image_reader.cc(340)] could not read dos header from C:\WINDOWS\System32\KERNEL32.DLL
[0622/204130.761:ERROR:process_memory_win.cc(73)] ReadMemory at 0x7ff961500000 of 64 bytes failed: Only part of a ReadProcessMemory or WriteProcessMemory request was completed. (0x12B)
[0622/204130.761:WARNING:pe_image_reader.cc(340)] could not read dos header from C:\WINDOWS\System32\KERNELBASE.dll
[0622/204130.761:ERROR:process_memory_win.cc(73)] ReadMemory at 0x7ff934710000 of 64 bytes failed: Only part of a ReadProcessMemory or WriteProcessMemory request was completed. (0x12B)
[0622/204130.761:WARNING:pe_image_reader.cc(340)] could not read dos header from C:\Program Files (x86)\Microsoft\Edge\Application\83.0.478.54\msedge_elf.dll
[0622/204130.761:ERROR:process_memory_win.cc(73)] ReadMemory at 0x7ff961d80000 of 64 bytes failed: Only part of a ReadProcessMemory or WriteProcessMemory request was completed. (0x12B)
[0622/204130.761:WARNING:pe_image_reader.cc(340)] could not read dos header from C:\WINDOWS\System32\ADVAPI32.dll
[0622/204130.761:ERROR:process_memory_win.cc(73)] ReadMemory at 0x7ff9619e0000 of 64 bytes failed: Only part of a ReadProcessMemory or WriteProcessMemory request was completed. (0x12B)
[0622/204130.761:WARNING:pe_image_reader.cc(340)] could not read dos header from C:\WINDOWS\System32\msvcrt.dll
[0622/204130.761:ERROR:process_memory_win.cc(73)] ReadMemory at 0x7ff962c00000 of 64 bytes failed: Only part of a ReadProcessMemory or WriteProcessMemory request was completed. (0x12B)
[0622/204130.761:WARNING:pe_image_reader.cc(340)] could not read dos header from C:\WINDOWS\System32\sechost.dll
[0622/204130.761:ERROR:process_memory_win.cc(73)] ReadMemory at 0x7ff961c20000 of 64 bytes failed: Only part of a ReadProcessMemory or WriteProcessMemory request was completed. (0x12B)
[0622/204130.761:WARNING:pe_image_reader.cc(340)] could not read dos header from C:\WINDOWS\System32\RPCRT4.dll
[0622/204130.761:ERROR:process_memory_win.cc(73)] ReadMemory at 0x7ff91fac0000 of 64 bytes failed: Only part of a ReadProcessMemory or WriteProcessMemory request was completed. (0x12B)
[0622/204130.761:WARNING:pe_image_reader.cc(340)] could not read dos header from C:\Program Files (x86)\Microsoft\Edge\Application\83.0.478.54\msedge.dll
[0622/204130.761:ERROR:process_memory_win.cc(73)] ReadMemory at 0x7ff963780000 of 64 bytes failed: Only part of a ReadProcessMemory or WriteProcessMemory request was completed. (0x12B)
[0622/204130.761:WARNING:pe_image_reader.cc(340)] could not read dos header from C:\WINDOWS\System32\WS2_32.dll
[0622/204130.761:ERROR:process_memory_win.cc(73)] ReadMemory at 0x7ff962ca0000 of 64 bytes failed: Only part of a ReadProcessMemory or WriteProcessMemory request was completed. (0x12B)
[0622/204130.761:WARNING:pe_image_reader.cc(340)] could not read dos header from C:\WINDOWS\System32\OLEAUT32.dll
[0622/204130.761:ERROR:process_memory_win.cc(73)] ReadMemory at 0x7ff9617d0000 of 64 bytes failed: Only part of a ReadProcessMemory or WriteProcessMemory request was completed. (0x12B)
[0622/204130.761:WARNING:pe_image_reader.cc(340)] could not read dos header from C:\WINDOWS\System32\msvcp_win.dll
[0622/204130.761:ERROR:process_memory_win.cc(73)] ReadMemory at 0x7ff961090000 of 64 bytes failed: Only part of a ReadProcessMemory or WriteProcessMemory request was completed. (0x12B)
[0622/204130.761:WARNING:pe_image_reader.cc(340)] could not read dos header from C:\WINDOWS\System32\ucrtbase.dll
[0622/204130.761:ERROR:process_memory_win.cc(73)] ReadMemory at 0x7ff963420000 of 64 bytes failed: Only part of a ReadProcessMemory or WriteProcessMemory request was completed. (0x12B)
[0622/204130.761:WARNING:pe_image_reader.cc(340)] could not read dos header from C:\WINDOWS\System32\combase.dll
[0622/204130.761:ERROR:process_memory_win.cc(73)] ReadMemory at 0x7ff961190000 of 64 bytes failed: Only part of a ReadProcessMemory or WriteProcessMemory request was completed. (0x12B)
[0622/204130.761:WARNING:pe_image_reader.cc(340)] could not read dos header from C:\WINDOWS\System32\WINTRUST.dll
[0622/204130.761:ERROR:process_memory_win.cc(73)] ReadMemory at 0x7ff9612a0000 of 64 bytes failed: Only part of a ReadProcessMemory or WriteProcessMemory request was completed. (0x12B)
[0622/204130.761:WARNING:pe_image_reader.cc(340)] could not read dos header from C:\WINDOWS\System32\CRYPT32.dll
[0622/204130.761:ERROR:process_memory_win.cc(73)] ReadMemory at 0x7ff960420000 of 64 bytes failed: Only part of a ReadProcessMemory or WriteProcessMemory request was completed. (0x12B)
[0622/204130.761:WARNING:pe_image_reader.cc(340)] could not read dos header from C:\WINDOWS\SYSTEM32\IPHLPAPI.DLL
[0622/204130.761:ERROR:process_memory_win.cc(73)] ReadMemory at 0x7ff955430000 of 64 bytes failed: Only part of a ReadProcessMemory or WriteProcessMemory request was completed. (0x12B)
[0622/204130.761:WARNING:pe_image_reader.cc(340)] could not read dos header from C:\WINDOWS\SYSTEM32\WINMM.dll
[0622/204130.761:ERROR:process_memory_win.cc(73)] ReadMemory at 0x7ff94c660000 of 64 bytes failed: Only part of a ReadProcessMemory or WriteProcessMemory request was completed. (0x12B)
[0622/204130.761:WARNING:pe_image_reader.cc(340)] could not read dos header from C:\WINDOWS\SYSTEM32\Secur32.dll
[0622/204130.761:ERROR:process_memory_win.cc(73)] ReadMemory at 0x7ff960e40000 of 64 bytes failed: Only part of a ReadProcessMemory or WriteProcessMemory request was completed. (0x12B)
[0622/204130.761:WARNING:pe_image_reader.cc(340)] could not read dos header from C:\WINDOWS\SYSTEM32\USERENV.dll
[0622/204130.761:ERROR:process_memory_win.cc(73)] ReadMemory at 0x7ff941be0000 of 64 bytes failed: Only part of a ReadProcessMemory or WriteProcessMemory request was completed. (0x12B)
[0622/204130.761:WARNING:pe_image_reader.cc(340)] could not read dos header from C:\WINDOWS\SYSTEM32\UIAutomationCore.DLL
[0622/204130.761:ERROR:process_memory_win.cc(73)] ReadMemory at 0x7ff959180000 of 64 bytes failed: Only part of a ReadProcessMemory or WriteProcessMemory request was completed. (0x12B)
[0622/204130.761:WARNING:pe_image_reader.cc(340)] could not read dos header from C:\WINDOWS\SYSTEM32\WINHTTP.dll
[0622/204130.761:ERROR:process_memory_win.cc(73)] ReadMemory at 0x7ff953680000 of 64 bytes failed: Only part of a ReadProcessMemory or WriteProcessMemory request was completed. (0x12B)
[0622/204130.761:WARNING:pe_image_reader.cc(340)] could not read dos header from C:\WINDOWS\SYSTEM32\DWrite.dll
[0622/204130.762:ERROR:process_memory_win.cc(73)] ReadMemory at 0x7ff94f780000 of 64 bytes failed: Only part of a ReadProcessMemory or WriteProcessMemory request was completed. (0x12B)
[0622/204130.762:WARNING:pe_image_reader.cc(340)] could not read dos header from C:\WINDOWS\SYSTEM32\WINSPOOL.DRV
[0622/204130.762:ERROR:process_memory_win.cc(73)] ReadMemory at 0x7ff94a330000 of 64 bytes failed: Only part of a ReadProcessMemory or WriteProcessMemory request was completed. (0x12B)
[0622/204130.762:WARNING:pe_image_reader.cc(340)] could not read dos header from C:\WINDOWS\SYSTEM32\dbghelp.dll
[0622/204130.762:ERROR:process_memory_win.cc(73)] ReadMemory at 0x7ff958060000 of 64 bytes failed: Only part of a ReadProcessMemory or WriteProcessMemory request was completed. (0x12B)
[0622/204130.762:WARNING:pe_image_reader.cc(340)] could not read dos header from C:\WINDOWS\SYSTEM32\dhcpcsvc.DLL
[0622/204130.762:ERROR:process_memory_win.cc(73)] ReadMemory at 0x7ff95cc00000 of 64 bytes failed: Only part of a ReadProcessMemory or WriteProcessMemory request was completed. (0x12B)
[0622/204130.762:WARNING:pe_image_reader.cc(340)] could not read dos header from C:\WINDOWS\SYSTEM32\PROPSYS.dll
[0622/204130.762:ERROR:process_memory_win.cc(73)] ReadMemory at 0x7ff960e70000 of 64 bytes failed: Only part of a ReadProcessMemory or WriteProcessMemory request was completed. (0x12B)
[0622/204130.762:WARNING:pe_image_reader.cc(340)] could not read dos header from C:\WINDOWS\SYSTEM32\SSPICLI.DLL
[0622/204130.762:ERROR:process_memory_win.cc(73)] ReadMemory at 0x7ff960b80000 of 64 bytes failed: Only part of a ReadProcessMemory or WriteProcessMemory request was completed. (0x12B)
[0622/204130.762:WARNING:pe_image_reader.cc(340)] could not read dos header from C:\WINDOWS\System32\MSASN1.dll
[0622/204130.762:ERROR:process_memory_win.cc(73)] ReadMemory at 0x7ff9611f0000 of 64 bytes failed: Only part of a ReadProcessMemory or WriteProcessMemory request was completed. (0x12B)
[0622/204130.762:WARNING:pe_image_reader.cc(340)] could not read dos header from C:\WINDOWS\System32\bcryptPrimitives.dll
[0622/204130.762:ERROR:process_memory_win.cc(73)] ReadMemory at 0x7ff960950000 of 64 bytes failed: Only part of a ReadProcessMemory or WriteProcessMemory request was completed. (0x12B)
[0622/204130.762:WARNING:pe_image_reader.cc(340)] could not read dos header from C:\WINDOWS\SYSTEM32\CRYPTBASE.DLL
[0622/204130.762:ERROR:process_memory_win.cc(73)] ReadMemory at 0x7ff960ec0000 of 64 bytes failed: Only part of a ReadProcessMemory or WriteProcessMemory request was completed. (0x12B)
[0622/204130.762:WARNING:pe_image_reader.cc(340)] could not read dos header from C:\WINDOWS\System32\profapi.dll
[0622/204130.762:ERROR:process_memory_win.cc(73)] ReadMemory at 0x7ff7e80b0000 of 64 bytes failed: Only part of a ReadProcessMemory or WriteProcessMemory request was completed. (0x12B)
[0622/204130.762:WARNING:pe_image_reader.cc(340)] could not read dos header from C:\Program Files (x86)\Microsoft\Edge\Application\msedge.exe
[0622/204130.762:ERROR:process_memory_win.cc(73)] ReadMemory at 0x7ff963830000 of 64 bytes failed: Only part of a ReadProcessMemory or WriteProcessMemory request was completed. (0x12B)
[0622/204130.762:WARNING:pe_image_reader.cc(340)] could not read dos header from C:\WINDOWS\SYSTEM32\ntdll.dll
[0622/204130.762:ERROR:process_memory_win.cc(73)] ReadMemory at 0x7ff962210000 of 64 bytes failed: Only part of a ReadProcessMemory or WriteProcessMemory request was completed. (0x12B)
[0622/204130.762:WARNING:pe_image_reader.cc(340)] could not read dos header from C:\WINDOWS\System32\KERNEL32.DLL
[0622/204130.762:ERROR:process_memory_win.cc(73)] ReadMemory at 0x7ff961500000 of 64 bytes failed: Only part of a ReadProcessMemory or WriteProcessMemory request was completed. (0x12B)
[0622/204130.762:WARNING:pe_image_reader.cc(340)] could not read dos header from C:\WINDOWS\System32\KERNELBASE.dll
[0622/204130.762:ERROR:process_memory_win.cc(73)] ReadMemory at 0x7ff934710000 of 64 bytes failed: Only part of a ReadProcessMemory or WriteProcessMemory request was completed. (0x12B)
[0622/204130.762:WARNING:pe_image_reader.cc(340)] could not read dos header from C:\Program Files (x86)\Microsoft\Edge\Application\83.0.478.54\msedge_elf.dll
[0622/204130.762:ERROR:process_memory_win.cc(73)] ReadMemory at 0x7ff961d80000 of 64 bytes failed: Only part of a ReadProcessMemory or WriteProcessMemory request was completed. (0x12B)
[0622/204130.762:WARNING:pe_image_reader.cc(340)] could not read dos header from C:\WINDOWS\System32\ADVAPI32.dll
[0622/204130.762:ERROR:process_memory_win.cc(73)] ReadMemory at 0x7ff9619e0000 of 64 bytes failed: Only part of a ReadProcessMemory or WriteProcessMemory request was completed. (0x12B)
[0622/204130.762:WARNING:pe_image_reader.cc(340)] could not read dos header from C:\WINDOWS\System32\msvcrt.dll
[0622/204130.762:ERROR:process_memory_win.cc(73)] ReadMemory at 0x7ff962c00000 of 64 bytes failed: Only part of a ReadProcessMemory or WriteProcessMemory request was completed. (0x12B)
[0622/204130.762:WARNING:pe_image_reader.cc(340)] could not read dos header from C:\WINDOWS\System32\sechost.dll
[0622/204130.762:ERROR:process_memory_win.cc(73)] ReadMemory at 0x7ff961c20000 of 64 bytes failed: Only part of a ReadProcessMemory or WriteProcessMemory request was completed. (0x12B)
[0622/204130.762:WARNING:pe_image_reader.cc(340)] could not read dos header from C:\WINDOWS\System32\RPCRT4.dll
[0622/204130.762:ERROR:process_memory_win.cc(73)] ReadMemory at 0x7ff91fac0000 of 64 bytes failed: Only part of a ReadProcessMemory or WriteProcessMemory request was completed. (0x12B)
[0622/204130.762:WARNING:pe_image_reader.cc(340)] could not read dos header from C:\Program Files (x86)\Microsoft\Edge\Application\83.0.478.54\msedge.dll
[0622/204130.762:ERROR:process_memory_win.cc(73)] ReadMemory at 0x7ff963780000 of 64 bytes failed: Only part of a ReadProcessMemory or WriteProcessMemory request was completed. (0x12B)
[0622/204130.762:WARNING:pe_image_reader.cc(340)] could not read dos header from C:\WINDOWS\System32\WS2_32.dll
[0622/204130.762:ERROR:process_memory_win.cc(73)] ReadMemory at 0x7ff962ca0000 of 64 bytes failed: Only part of a ReadProcessMemory or WriteProcessMemory request was completed. (0x12B)
[0622/204130.762:WARNING:pe_image_reader.cc(340)] could not read dos header from C:\WINDOWS\System32\OLEAUT32.dll
[0622/204130.762:ERROR:process_memory_win.cc(73)] ReadMemory at 0x7ff9617d0000 of 64 bytes failed: Only part of a ReadProcessMemory or WriteProcessMemory request was completed. (0x12B)
[0622/204130.762:WARNING:pe_image_reader.cc(340)] could not read dos header from C:\WINDOWS\System32\msvcp_win.dll
[0622/204130.762:ERROR:process_memory_win.cc(73)] ReadMemory at 0x7ff961090000 of 64 bytes failed: Only part of a ReadProcessMemory or WriteProcessMemory request was completed. (0x12B)
[0622/204130.762:WARNING:pe_image_reader.cc(340)] could not read dos header from C:\WINDOWS\System32\ucrtbase.dll
[0622/204130.762:ERROR:process_memory_win.cc(73)] ReadMemory at 0x7ff963420000 of 64 bytes failed: Only part of a ReadProcessMemory or WriteProcessMemory request was completed. (0x12B)
[0622/204130.763:WARNING:pe_image_reader.cc(340)] could not read dos header from C:\WINDOWS\System32\combase.dll
[0622/204130.763:ERROR:process_memory_win.cc(73)] ReadMemory at 0x7ff961190000 of 64 bytes failed: Only part of a ReadProcessMemory or WriteProcessMemory request was completed. (0x12B)
[0622/204130.763:WARNING:pe_image_reader.cc(340)] could not read dos header from C:\WINDOWS\System32\WINTRUST.dll
[0622/204130.763:ERROR:process_memory_win.cc(73)] ReadMemory at 0x7ff9612a0000 of 64 bytes failed: Only part of a ReadProcessMemory or WriteProcessMemory request was completed. (0x12B)
[0622/204130.763:WARNING:pe_image_reader.cc(340)] could not read dos header from C:\WINDOWS\System32\CRYPT32.dll
[0622/204130.763:ERROR:process_memory_win.cc(73)] ReadMemory at 0x7ff960420000 of 64 bytes failed: Only part of a ReadProcessMemory or WriteProcessMemory request was completed. (0x12B)
[0622/204130.763:WARNING:pe_image_reader.cc(340)] could not read dos header from C:\WINDOWS\SYSTEM32\IPHLPAPI.DLL
[0622/204130.763:ERROR:process_memory_win.cc(73)] ReadMemory at 0x7ff955430000 of 64 bytes failed: Only part of a ReadProcessMemory or WriteProcessMemory request was completed. (0x12B)
[0622/204130.763:WARNING:pe_image_reader.cc(340)] could not read dos header from C:\WINDOWS\SYSTEM32\WINMM.dll
[0622/204130.763:ERROR:process_memory_win.cc(73)] ReadMemory at 0x7ff94c660000 of 64 bytes failed: Only part of a ReadProcessMemory or WriteProcessMemory request was completed. (0x12B)
[0622/204130.763:WARNING:pe_image_reader.cc(340)] could not read dos header from C:\WINDOWS\SYSTEM32\Secur32.dll
[0622/204130.763:ERROR:process_memory_win.cc(73)] ReadMemory at 0x7ff960e40000 of 64 bytes failed: Only part of a ReadProcessMemory or WriteProcessMemory request was completed. (0x12B)
[0622/204130.763:WARNING:pe_image_reader.cc(340)] could not read dos header from C:\WINDOWS\SYSTEM32\USERENV.dll
[0622/204130.763:ERROR:process_memory_win.cc(73)] ReadMemory at 0x7ff941be0000 of 64 bytes failed: Only part of a ReadProcessMemory or WriteProcessMemory request was completed. (0x12B)
[0622/204130.763:WARNING:pe_image_reader.cc(340)] could not read dos header from C:\WINDOWS\SYSTEM32\UIAutomationCore.DLL
[0622/204130.763:ERROR:process_memory_win.cc(73)] ReadMemory at 0x7ff959180000 of 64 bytes failed: Only part of a ReadProcessMemory or WriteProcessMemory request was completed. (0x12B)
[0622/204130.763:WARNING:pe_image_reader.cc(340)] could not read dos header from C:\WINDOWS\SYSTEM32\WINHTTP.dll
[0622/204130.763:ERROR:process_memory_win.cc(73)] ReadMemory at 0x7ff953680000 of 64 bytes failed: Only part of a ReadProcessMemory or WriteProcessMemory request was completed. (0x12B)
[0622/204130.763:WARNING:pe_image_reader.cc(340)] could not read dos header from C:\WINDOWS\SYSTEM32\DWrite.dll
[0622/204130.763:ERROR:process_memory_win.cc(73)] ReadMemory at 0x7ff94f780000 of 64 bytes failed: Only part of a ReadProcessMemory or WriteProcessMemory request was completed. (0x12B)
[0622/204130.763:WARNING:pe_image_reader.cc(340)] could not read dos header from C:\WINDOWS\SYSTEM32\WINSPOOL.DRV
[0622/204130.763:ERROR:process_memory_win.cc(73)] ReadMemory at 0x7ff94a330000 of 64 bytes failed: Only part of a ReadProcessMemory or WriteProcessMemory request was completed. (0x12B)
[0622/204130.763:WARNING:pe_image_reader.cc(340)] could not read dos header from C:\WINDOWS\SYSTEM32\dbghelp.dll
[0622/204130.763:ERROR:process_memory_win.cc(73)] ReadMemory at 0x7ff958060000 of 64 bytes failed: Only part of a ReadProcessMemory or WriteProcessMemory request was completed. (0x12B)
[0622/204130.763:WARNING:pe_image_reader.cc(340)] could not read dos header from C:\WINDOWS\SYSTEM32\dhcpcsvc.DLL
[0622/204130.763:ERROR:process_memory_win.cc(73)] ReadMemory at 0x7ff95cc00000 of 64 bytes failed: Only part of a ReadProcessMemory or WriteProcessMemory request was completed. (0x12B)
[0622/204130.763:WARNING:pe_image_reader.cc(340)] could not read dos header from C:\WINDOWS\SYSTEM32\PROPSYS.dll
[0622/204130.763:ERROR:process_memory_win.cc(73)] ReadMemory at 0x7ff960e70000 of 64 bytes failed: Only part of a ReadProcessMemory or WriteProcessMemory request was completed. (0x12B)
[0622/204130.763:WARNING:pe_image_reader.cc(340)] could not read dos header from C:\WINDOWS\SYSTEM32\SSPICLI.DLL
[0622/204130.763:ERROR:process_memory_win.cc(73)] ReadMemory at 0x7ff960b80000 of 64 bytes failed: Only part of a ReadProcessMemory or WriteProcessMemory request was completed. (0x12B)
[0622/204130.763:WARNING:pe_image_reader.cc(340)] could not read dos header from C:\WINDOWS\System32\MSASN1.dll
[0622/204130.763:ERROR:process_memory_win.cc(73)] ReadMemory at 0x7ff9611f0000 of 64 bytes failed: Only part of a ReadProcessMemory or WriteProcessMemory request was completed. (0x12B)
[0622/204130.763:WARNING:pe_image_reader.cc(340)] could not read dos header from C:\WINDOWS\System32\bcryptPrimitives.dll
[0622/204130.763:ERROR:process_memory_win.cc(73)] ReadMemory at 0x7ff960950000 of 64 bytes failed: Only part of a ReadProcessMemory or WriteProcessMemory request was completed. (0x12B)
[0622/204130.763:WARNING:pe_image_reader.cc(340)] could not read dos header from C:\WINDOWS\SYSTEM32\CRYPTBASE.DLL
[0622/204130.763:ERROR:process_memory_win.cc(73)] ReadMemory at 0x7ff960ec0000 of 64 bytes failed: Only part of a ReadProcessMemory or WriteProcessMemory request was completed. (0x12B)
[0622/204130.763:WARNING:pe_image_reader.cc(340)] could not read dos header from C:\WINDOWS\System32\profapi.dll
[0622/204130.768:ERROR:process_memory_win.cc(73)] ReadMemory at 0x2f2dbf4000 of 49152 bytes failed: Only part of a ReadProcessMemory or WriteProcessMemory request was completed. (0x12B)
[0622/204130.768:ERROR:process_memory_win.cc(73)] ReadMemory at 0x2f2e3fe000 of 8192 bytes failed: Only part of a ReadProcessMemory or WriteProcessMemory request was completed. (0x12B)
[0622/204130.768:ERROR:process_memory_win.cc(73)] ReadMemory at 0x2f2ebfd000 of 12288 bytes failed: Only part of a ReadProcessMemory or WriteProcessMemory request was completed. (0x12B)
[0622/204130.768:ERROR:process_memory_win.cc(73)] ReadMemory at 0x2f2f3f6000 of 40960 bytes failed: Only part of a ReadProcessMemory or WriteProcessMemory request was completed. (0x12B)
[0622/204130.768:ERROR:process_memory_win.cc(73)] ReadMemory at 0x2f2fbfc000 of 16384 bytes failed: Only part of a ReadProcessMemory or WriteProcessMemory request was completed. (0x12B)
[0622/204130.768:ERROR:process_memory_win.cc(73)] ReadMemory at 0x2f303fb000 of 20480 bytes failed: Only part of a ReadProcessMemory or WriteProcessMemory request was completed. (0x12B)
[0622/204130.768:ERROR:process_memory_win.cc(73)] ReadMemory at 0x2f30bfd000 of 12288 bytes failed: Only part of a ReadProcessMemory or WriteProcessMemory request was completed. (0x12B)
[0622/204130.768:ERROR:process_memory_win.cc(73)] ReadMemory at 0x2f313fb000 of 20480 bytes failed: Only part of a ReadProcessMemory or WriteProcessMemory request was completed. (0x12B)
[0622/204130.768:ERROR:process_memory_win.cc(73)] ReadMemory at 0x2f323fd000 of 12288 bytes failed: Only part of a ReadProcessMemory or WriteProcessMemory request was completed. (0x12B)
[0622/204130.768:ERROR:process_memory_win.cc(73)] ReadMemory at 0x2f32bfd000 of 12288 bytes failed: Only part of a ReadProcessMemory or WriteProcessMemory request was completed. (0x12B)
[0622/204130.768:ERROR:process_memory_win.cc(73)] ReadMemory at 0x2f333fd000 of 12288 bytes failed: Only part of a ReadProcessMemory or WriteProcessMemory request was completed. (0x12B)
[0622/204130.769:ERROR:process_memory_win.cc(73)] ReadMemory at 0x2f33bfd000 of 12288 bytes failed: Only part of a ReadProcessMemory or WriteProcessMemory request was completed. (0x12B)
[0622/204130.769:ERROR:process_memory_win.cc(73)] ReadMemory at 0x2f343fd000 of 12288 bytes failed: Only part of a ReadProcessMemory or WriteProcessMemory request was completed. (0x12B)
[0622/204130.769:ERROR:process_memory_win.cc(73)] ReadMemory at 0x2f34bfd000 of 12288 bytes failed: Only part of a ReadProcessMemory or WriteProcessMemory request was completed. (0x12B)
[0622/204130.769:ERROR:process_memory_win.cc(73)] ReadMemory at 0x2f353fd000 of 12288 bytes failed: Only part of a ReadProcessMemory or WriteProcessMemory request was completed. (0x12B)
[0622/204130.769:ERROR:process_memory_win.cc(73)] ReadMemory at 0x2f35bfd000 of 12288 bytes failed: Only part of a ReadProcessMemory or WriteProcessMemory request was completed. (0x12B)
[0622/204130.769:ERROR:process_memory_win.cc(73)] ReadMemory at 0x2f31bfd000 of 12288 bytes failed: Only part of a ReadProcessMemory or WriteProcessMemory request was completed. (0x12B)
[0622/204130.769:ERROR:process_memory_win.cc(73)] ReadMemory at 0x2f363fe000 of 8192 bytes failed: Only part of a ReadProcessMemory or WriteProcessMemory request was completed. (0x12B)
[0622/204130.769:ERROR:process_memory_win.cc(73)] ReadMemory at 0x2f2d324000 of 852 bytes failed: Only part of a ReadProcessMemory or WriteProcessMemory request was completed. (0x12B)
[0622/204130.769:ERROR:process_memory_win.cc(73)] ReadMemory at 0x2f2d325000 of 6024 bytes failed: Only part of a ReadProcessMemory or WriteProcessMemory request was completed. (0x12B)
[0622/204130.769:ERROR:process_memory_win.cc(73)] ReadMemory at 0x2f2d327000 of 6024 bytes failed: Only part of a ReadProcessMemory or WriteProcessMemory request was completed. (0x12B)
[0622/204130.769:ERROR:process_memory_win.cc(73)] ReadMemory at 0x2f2d329000 of 6024 bytes failed: Only part of a ReadProcessMemory or WriteProcessMemory request was completed. (0x12B)
[0622/204130.769:ERROR:process_memory_win.cc(73)] ReadMemory at 0x2f2d32b000 of 6024 bytes failed: Only part of a ReadProcessMemory or WriteProcessMemory request was completed. (0x12B)
[0622/204130.769:ERROR:process_memory_win.cc(73)] ReadMemory at 0x2f2d32d000 of 6024 bytes failed: Only part of a ReadProcessMemory or WriteProcessMemory request was completed. (0x12B)
[0622/204130.769:ERROR:process_memory_win.cc(73)] ReadMemory at 0x2f2d32f000 of 6024 bytes failed: Only part of a ReadProcessMemory or WriteProcessMemory request was completed. (0x12B)
[0622/204130.769:ERROR:process_memory_win.cc(73)] ReadMemory at 0x2f2d331000 of 6024 bytes failed: Only part of a ReadProcessMemory or WriteProcessMemory request was completed. (0x12B)
[0622/204130.769:ERROR:process_memory_win.cc(73)] ReadMemory at 0x2f2d333000 of 6024 bytes failed: Only part of a ReadProcessMemory or WriteProcessMemory request was completed. (0x12B)
[0622/204130.769:ERROR:process_memory_win.cc(73)] ReadMemory at 0x2f2d337000 of 6024 bytes failed: Only part of a ReadProcessMemory or WriteProcessMemory request was completed. (0x12B)
[0622/204130.769:ERROR:process_memory_win.cc(73)] ReadMemory at 0x2f2d339000 of 6024 bytes failed: Only part of a ReadProcessMemory or WriteProcessMemory request was completed. (0x12B)
[0622/204130.769:ERROR:process_memory_win.cc(73)] ReadMemory at 0x2f2d33b000 of 6024 bytes failed: Only part of a ReadProcessMemory or WriteProcessMemory request was completed. (0x12B)
[0622/204130.769:ERROR:process_memory_win.cc(73)] ReadMemory at 0x2f2d33d000 of 6024 bytes failed: Only part of a ReadProcessMemory or WriteProcessMemory request was completed. (0x12B)
[0622/204130.769:ERROR:process_memory_win.cc(73)] ReadMemory at 0x2f2d33f000 of 6024 bytes failed: Only part of a ReadProcessMemory or WriteProcessMemory request was completed. (0x12B)
[0622/204130.770:ERROR:process_memory_win.cc(73)] ReadMemory at 0x2f2d341000 of 6024 bytes failed: Only part of a ReadProcessMemory or WriteProcessMemory request was completed. (0x12B)
[0622/204130.770:ERROR:process_memory_win.cc(73)] ReadMemory at 0x2f2d343000 of 6024 bytes failed: Only part of a ReadProcessMemory or WriteProcessMemory request was completed. (0x12B)
[0622/204130.770:ERROR:process_memory_win.cc(73)] ReadMemory at 0x2f2d345000 of 6024 bytes failed: Only part of a ReadProcessMemory or WriteProcessMemory request was completed. (0x12B)
[0622/204130.770:ERROR:process_memory_win.cc(73)] ReadMemory at 0x2f2d347000 of 6024 bytes failed: Only part of a ReadProcessMemory or WriteProcessMemory request was completed. (0x12B)
[0622/204130.770:ERROR:process_memory_win.cc(73)] ReadMemory at 0x2f2d34b000 of 6024 bytes failed: Only part of a ReadProcessMemory or WriteProcessMemory request was completed. (0x12B)
[0622/204130.770:ERROR:process_memory_win.cc(73)] ReadMemory at 0x1c301ac3fc0 of 512 bytes failed: Only part of a ReadProcessMemory or WriteProcessMemory request was completed. (0x12B)
[0622/204130.770:ERROR:process_memory_win.cc(73)] ReadMemory at 0x1c301ad9034 of 512 bytes failed: Only part of a ReadProcessMemory or WriteProcessMemory request was completed. (0x12B)
[0622/204130.770:ERROR:process_memory_win.cc(73)] ReadMemory at 0x1c301b58ac0 of 512 bytes failed: Only part of a ReadProcessMemory or WriteProcessMemory request was completed. (0x12B)
[0622/204130.770:ERROR:process_memory_win.cc(73)] ReadMemory at 0x1c301b68fd0 of 512 bytes failed: Only part of a ReadProcessMemory or WriteProcessMemory request was completed. (0x12B)
[0622/204130.770:ERROR:process_memory_win.cc(73)] ReadMemory at 0x1c301bf4520 of 512 bytes failed: Only part of a ReadProcessMemory or WriteProcessMemory request was completed. (0x12B)
[0622/204130.770:ERROR:process_memory_win.cc(73)] ReadMemory at 0x1c301bf8e48 of 512 bytes failed: Only part of a ReadProcessMemory or WriteProcessMemory request was completed. (0x12B)
[0622/204130.770:ERROR:process_memory_win.cc(73)] ReadMemory at 0x1c3024440b8 of 512 bytes failed: Only part of a ReadProcessMemory or WriteProcessMemory request was completed. (0x12B)
[0622/204130.770:ERROR:process_memory_win.cc(73)] ReadMemory at 0x1c378c302c0 of 40 bytes failed: Only part of a ReadProcessMemory or WriteProcessMemory request was completed. (0x12B)
[0622/204130.770:ERROR:process_memory_win.cc(73)] ReadMemory at 0x1c378d102c0 of 40 bytes failed: Only part of a ReadProcessMemory or WriteProcessMemory request was completed. (0x12B)
[0622/204130.770:ERROR:process_memory_win.cc(73)] ReadMemory at 0x1c378e027f0 of 11652 bytes failed: Only part of a ReadProcessMemory or WriteProcessMemory request was completed. (0x12B)
[0622/204130.770:ERROR:process_memory_win.cc(73)] ReadMemory at 0x1c378e05590 of 1012 bytes failed: Only part of a ReadProcessMemory or WriteProcessMemory request was completed. (0x12B)
[0622/204130.770:ERROR:process_memory_win.cc(73)] ReadMemory at 0x1c378e05bd8 of 120 bytes failed: Only part of a ReadProcessMemory or WriteProcessMemory request was completed. (0x12B)
[0622/204130.770:ERROR:process_memory_win.cc(73)] ReadMemory at 0x1c378e05c52 of 842 bytes failed: Only part of a ReadProcessMemory or WriteProcessMemory request was completed. (0x12B)
[0622/204130.770:ERROR:process_memory_win.cc(73)] ReadMemory at 0x1c378e05f9e of 120 bytes failed: Only part of a ReadProcessMemory or WriteProcessMemory request was completed. (0x12B)
[0622/204130.770:ERROR:process_memory_win.cc(73)] ReadMemory at 0x1c378e06018 of 98 bytes failed: Only part of a ReadProcessMemory or WriteProcessMemory request was completed. (0x12B)
[0622/204130.770:ERROR:process_memory_win.cc(73)] ReadMemory at 0x1c378e06090 of 58 bytes failed: Only part of a ReadProcessMemory or WriteProcessMemory request was completed. (0x12B)
[0622/204130.771:ERROR:process_memory_win.cc(73)] ReadMemory at 0x1c378e061a0 of 132 bytes failed: Only part of a ReadProcessMemory or WriteProcessMemory request was completed. (0x12B)
[0622/204130.771:ERROR:process_memory_win.cc(73)] ReadMemory at 0x1c378e06330 of 132 bytes failed: Only part of a ReadProcessMemory or WriteProcessMemory request was completed. (0x12B)
[0622/204130.771:ERROR:process_memory_win.cc(73)] ReadMemory at 0x1c378e06910 of 132 bytes failed: Only part of a ReadProcessMemory or WriteProcessMemory request was completed. (0x12B)
[0622/204130.771:ERROR:process_memory_win.cc(73)] ReadMemory at 0x1c378e06aa0 of 64 bytes failed: Only part of a ReadProcessMemory or WriteProcessMemory request was completed. (0x12B)
[0622/204130.771:ERROR:process_memory_win.cc(73)] ReadMemory at 0x1c378e06c70 of 132 bytes failed: Only part of a ReadProcessMemory or WriteProcessMemory request was completed. (0x12B)
[0622/204130.771:ERROR:process_memory_win.cc(73)] ReadMemory at 0x1c378e06f30 of 132 bytes failed: Only part of a ReadProcessMemory or WriteProcessMemory request was completed. (0x12B)
[0622/204130.771:ERROR:process_memory_win.cc(73)] ReadMemory at 0x1c378e070c0 of 68 bytes failed: Only part of a ReadProcessMemory or WriteProcessMemory request was completed. (0x12B)
[0622/204130.771:ERROR:process_memory_win.cc(73)] ReadMemory at 0x1c378e08110 of 152 bytes failed: Only part of a ReadProcessMemory or WriteProcessMemory request was completed. (0x12B)
[0622/204130.771:ERROR:process_memory_win.cc(73)] ReadMemory at 0x1c378e09b40 of 132 bytes failed: Only part of a ReadProcessMemory or WriteProcessMemory request was completed. (0x12B)
[0622/204130.771:ERROR:process_memory_win.cc(73)] ReadMemory at 0x1c378e09c70 of 144 bytes failed: Only part of a ReadProcessMemory or WriteProcessMemory request was completed. (0x12B)
[0622/204130.771:ERROR:process_memory_win.cc(73)] ReadMemory at 0x1c378e09d40 of 132 bytes failed: Only part of a ReadProcessMemory or WriteProcessMemory request was completed. (0x12B)
[0622/204130.771:ERROR:process_memory_win.cc(73)] ReadMemory at 0x1c378e0a060 of 132 bytes failed: Only part of a ReadProcessMemory or WriteProcessMemory request was completed. (0x12B)
[0622/204130.771:ERROR:process_memory_win.cc(73)] ReadMemory at 0x1c378e0ab50 of 132 bytes failed: Only part of a ReadProcessMemory or WriteProcessMemory request was completed. (0x12B)
[0622/204130.771:ERROR:process_memory_win.cc(73)] ReadMemory at 0x1c378e0e8a0 of 132 bytes failed: Only part of a ReadProcessMemory or WriteProcessMemory request was completed. (0x12B)
[0622/204130.771:ERROR:process_memory_win.cc(73)] ReadMemory at 0x1c378e0e9d0 of 132 bytes failed: Only part of a ReadProcessMemory or WriteProcessMemory request was completed. (0x12B)
[0622/204130.771:ERROR:process_memory_win.cc(73)] ReadMemory at 0x1c378e0f2e0 of 132 bytes failed: Only part of a ReadProcessMemory or WriteProcessMemory request was completed. (0x12B)
[0622/204130.771:ERROR:process_memory_win.cc(73)] ReadMemory at 0x1c378e0f500 of 132 bytes failed: Only part of a ReadProcessMemory or WriteProcessMemory request was completed. (0x12B)
[0622/204130.771:ERROR:process_memory_win.cc(73)] ReadMemory at 0x1c378e0f860 of 132 bytes failed: Only part of a ReadProcessMemory or WriteProcessMemory request was completed. (0x12B)
[0622/204130.771:ERROR:process_memory_win.cc(73)] ReadMemory at 0x1c378e0f910 of 512 bytes failed: Only part of a ReadProcessMemory or WriteProcessMemory request was completed. (0x12B)
[0622/204130.771:ERROR:process_memory_win.cc(73)] ReadMemory at 0x1c378e0fba0 of 132 bytes failed: Only part of a ReadProcessMemory or WriteProcessMemory request was completed. (0x12B)
[0622/204130.771:ERROR:process_memory_win.cc(73)] ReadMemory at 0x1c378e0fdc0 of 132 bytes failed: Only part of a ReadProcessMemory or WriteProcessMemory request was completed. (0x12B)
[0622/204130.771:ERROR:process_memory_win.cc(73)] ReadMemory at 0x1c378e10610 of 512 bytes failed: Only part of a ReadProcessMemory or WriteProcessMemory request was completed. (0x12B)
[0622/204130.772:ERROR:process_memory_win.cc(73)] ReadMemory at 0x1c378e10c80 of 80 bytes failed: Only part of a ReadProcessMemory or WriteProcessMemory request was completed. (0x12B)
[0622/204130.772:ERROR:process_memory_win.cc(73)] ReadMemory at 0x1c378e10d20 of 124 bytes failed: Only part of a ReadProcessMemory or WriteProcessMemory request was completed. (0x12B)
[0622/204130.772:ERROR:process_memory_win.cc(73)] ReadMemory at 0x1c378e140f0 of 64 bytes failed: Only part of a ReadProcessMemory or WriteProcessMemory request was completed. (0x12B)
[0622/204130.772:ERROR:process_memory_win.cc(73)] ReadMemory at 0x1c378e14190 of 64 bytes failed: Only part of a ReadProcessMemory or WriteProcessMemory request was completed. (0x12B)
[0622/204130.772:ERROR:process_memory_win.cc(73)] ReadMemory at 0x1c378e14280 of 66 bytes failed: Only part of a ReadProcessMemory or WriteProcessMemory request was completed. (0x12B)
[0622/204130.772:ERROR:process_memory_win.cc(73)] ReadMemory at 0x1c378e147d0 of 64 bytes failed: Only part of a ReadProcessMemory or WriteProcessMemory request was completed. (0x12B)
[0622/204130.772:ERROR:process_memory_win.cc(73)] ReadMemory at 0x1c378e148c0 of 64 bytes failed: Only part of a ReadProcessMemory or WriteProcessMemory request was completed. (0x12B)
[0622/204130.772:ERROR:process_memory_win.cc(73)] ReadMemory at 0x1c378e14aa0 of 64 bytes failed: Only part of a ReadProcessMemory or WriteProcessMemory request was completed. (0x12B)
[0622/204130.772:ERROR:process_memory_win.cc(73)] ReadMemory at 0x1c378e14e10 of 64 bytes failed: Only part of a ReadProcessMemory or WriteProcessMemory request was completed. (0x12B)
[0622/204130.772:ERROR:process_memory_win.cc(73)] ReadMemory at 0x1c378e14f00 of 64 bytes failed: Only part of a ReadProcessMemory or WriteProcessMemory request was completed. (0x12B)
[0622/204130.772:ERROR:process_memory_win.cc(73)] ReadMemory at 0x1c378e16310 of 60 bytes failed: Only part of a ReadProcessMemory or WriteProcessMemory request was completed. (0x12B)
[0622/204130.772:ERROR:process_memory_win.cc(73)] ReadMemory at 0x1c378e164d0 of 60 bytes failed: Only part of a ReadProcessMemory or WriteProcessMemory request was completed. (0x12B)
[0622/204130.772:ERROR:process_memory_win.cc(73)] ReadMemory at 0x1c378e16750 of 62 bytes failed: Only part of a ReadProcessMemory or WriteProcessMemory request was completed. (0x12B)
[0622/204130.772:ERROR:process_memory_win.cc(73)] ReadMemory at 0x1c378e1d970 of 80 bytes failed: Only part of a ReadProcessMemory or WriteProcessMemory request was completed. (0x12B)
[0622/204130.772:ERROR:process_memory_win.cc(73)] ReadMemory at 0x1c378e2a350 of 58 bytes failed: Only part of a ReadProcessMemory or WriteProcessMemory request was completed. (0x12B)
[0622/204130.772:ERROR:process_memory_win.cc(73)] ReadMemory at 0x1c378e2a3d0 of 62 bytes failed: Only part of a ReadProcessMemory or WriteProcessMemory request was completed. (0x12B)
[0622/204130.772:ERROR:process_memory_win.cc(73)] ReadMemory at 0x1c378e2a410 of 60 bytes failed: Only part of a ReadProcessMemory or WriteProcessMemory request was completed. (0x12B)
[0622/204130.772:ERROR:process_memory_win.cc(73)] ReadMemory at 0x1c378e2a490 of 62 bytes failed: Only part of a ReadProcessMemory or WriteProcessMemory request was completed. (0x12B)
[0622/204130.772:ERROR:process_memory_win.cc(73)] ReadMemory at 0x1c378e2a4d0 of 60 bytes failed: Only part of a ReadProcessMemory or WriteProcessMemory request was completed. (0x12B)
[0622/204130.772:ERROR:process_memory_win.cc(73)] ReadMemory at 0x1c378e2a510 of 62 bytes failed: Only part of a ReadProcessMemory or WriteProcessMemory request was completed. (0x12B)
[0622/204130.772:ERROR:process_memory_win.cc(73)] ReadMemory at 0x1c378e2a590 of 62 bytes failed: Only part of a ReadProcessMemory or WriteProcessMemory request was completed. (0x12B)
[0622/204130.772:ERROR:process_memory_win.cc(73)] ReadMemory at 0x1c378e2a650 of 62 bytes failed: Only part of a ReadProcessMemory or WriteProcessMemory request was completed. (0x12B)
[0622/204130.772:ERROR:process_memory_win.cc(73)] ReadMemory at 0x1c378e2a6d0 of 62 bytes failed: Only part of a ReadProcessMemory or WriteProcessMemory request was completed. (0x12B)
[0622/204130.773:ERROR:process_memory_win.cc(73)] ReadMemory at 0x1c378e2a710 of 62 bytes failed: Only part of a ReadProcessMemory or WriteProcessMemory request was completed. (0x12B)
[0622/204130.773:ERROR:process_memory_win.cc(73)] ReadMemory at 0x1c378e2a790 of 62 bytes failed: Only part of a ReadProcessMemory or WriteProcessMemory request was completed. (0x12B)
[0622/204130.773:ERROR:process_memory_win.cc(73)] ReadMemory at 0x1c378e2ac10 of 60 bytes failed: Only part of a ReadProcessMemory or WriteProcessMemory request was completed. (0x12B)
[0622/204130.773:ERROR:process_memory_win.cc(73)] ReadMemory at 0x1c378e2b040 of 132 bytes failed: Only part of a ReadProcessMemory or WriteProcessMemory request was completed. (0x12B)
[0622/204130.773:ERROR:process_memory_win.cc(73)] ReadMemory at 0x1c378e2b280 of 132 bytes failed: Only part of a ReadProcessMemory or WriteProcessMemory request was completed. (0x12B)
[0622/204130.773:ERROR:process_memory_win.cc(73)] ReadMemory at 0x1c378e2b3a0 of 132 bytes failed: Only part of a ReadProcessMemory or WriteProcessMemory request was completed. (0x12B)
[0622/204130.773:ERROR:process_memory_win.cc(73)] ReadMemory at 0x1c378e2b4c0 of 132 bytes failed: Only part of a ReadProcessMemory or WriteProcessMemory request was completed. (0x12B)
[0622/204130.773:ERROR:process_memory_win.cc(73)] ReadMemory at 0x1c378e2b5e0 of 132 bytes failed: Only part of a ReadProcessMemory or WriteProcessMemory request was completed. (0x12B)
[0622/204130.773:ERROR:process_memory_win.cc(73)] ReadMemory at 0x1c378e2b700 of 132 bytes failed: Only part of a ReadProcessMemory or WriteProcessMemory request was completed. (0x12B)
[0622/204130.773:ERROR:process_memory_win.cc(73)] ReadMemory at 0x1c378e2b820 of 132 bytes failed: Only part of a ReadProcessMemory or WriteProcessMemory request was completed. (0x12B)
[0622/204130.773:ERROR:process_memory_win.cc(73)] ReadMemory at 0x1c378e2b940 of 132 bytes failed: Only part of a ReadProcessMemory or WriteProcessMemory request was completed. (0x12B)
[0622/204130.773:ERROR:process_memory_win.cc(73)] ReadMemory at 0x1c378e2ba60 of 132 bytes failed: Only part of a ReadProcessMemory or WriteProcessMemory request was completed. (0x12B)
[0622/204130.773:ERROR:process_memory_win.cc(73)] ReadMemory at 0x1c378e2bb80 of 132 bytes failed: Only part of a ReadProcessMemory or WriteProcessMemory request was completed. (0x12B)
[0622/204130.773:ERROR:process_memory_win.cc(73)] ReadMemory at 0x1c378e2bca0 of 132 bytes failed: Only part of a ReadProcessMemory or WriteProcessMemory request was completed. (0x12B)
[0622/204130.773:ERROR:process_memory_win.cc(73)] ReadMemory at 0x1c378e2bdc0 of 132 bytes failed: Only part of a ReadProcessMemory or WriteProcessMemory request was completed. (0x12B)
[0622/204130.773:ERROR:process_memory_win.cc(73)] ReadMemory at 0x1c378e2bee0 of 132 bytes failed: Only part of a ReadProcessMemory or WriteProcessMemory request was completed. (0x12B)
[0622/204130.773:ERROR:process_memory_win.cc(73)] ReadMemory at 0x1c378e2c480 of 40 bytes failed: Only part of a ReadProcessMemory or WriteProcessMemory request was completed. (0x12B)
[0622/204130.773:ERROR:process_memory_win.cc(73)] ReadMemory at 0x1c378e2e5a0 of 66 bytes failed: Only part of a ReadProcessMemory or WriteProcessMemory request was completed. (0x12B)
[0622/204130.773:ERROR:process_memory_win.cc(73)] ReadMemory at 0x1c378e335a0 of 132 bytes failed: Only part of a ReadProcessMemory or WriteProcessMemory request was completed. (0x12B)
[0622/204130.773:ERROR:process_memory_win.cc(73)] ReadMemory at 0x1c378e33a20 of 132 bytes failed: Only part of a ReadProcessMemory or WriteProcessMemory request was completed. (0x12B)
[0622/204130.773:ERROR:process_memory_win.cc(73)] ReadMemory at 0x1c378e33b40 of 132 bytes failed: Only part of a ReadProcessMemory or WriteProcessMemory request was completed. (0x12B)
[0622/204130.773:ERROR:process_memory_win.cc(73)] ReadMemory at 0x1c379004f50 of 512 bytes failed: Only part of a ReadProcessMemory or WriteProcessMemory request was completed. (0x12B)
[0622/204130.774:ERROR:process_memory_win.cc(73)] ReadMemory at 0x1c379744630 of 512 bytes failed: Only part of a ReadProcessMemory or WriteProcessMemory request was completed. (0x12B)
[0622/204130.774:ERROR:process_memory_win.cc(73)] ReadMemory at 0x1c37974e960 of 512 bytes failed: Only part of a ReadProcessMemory or WriteProcessMemory request was completed. (0x12B)
[0622/204130.774:ERROR:process_memory_win.cc(73)] ReadMemory at 0x1c37974fd58 of 512 bytes failed: Only part of a ReadProcessMemory or WriteProcessMemory request was completed. (0x12B)
[0622/204130.774:ERROR:process_memory_win.cc(73)] ReadMemory at 0x1c379757d40 of 736 bytes failed: Only part of a ReadProcessMemory or WriteProcessMemory request was completed. (0x12B)
[0622/204130.774:ERROR:process_memory_win.cc(73)] ReadMemory at 0x7ff92706f308 of 512 bytes failed: Only part of a ReadProcessMemory or WriteProcessMemory request was completed. (0x12B)
[0622/204130.774:ERROR:process_memory_win.cc(73)] ReadMemory at 0x7ff93474e7a0 of 512 bytes failed: Only part of a ReadProcessMemory or WriteProcessMemory request was completed. (0x12B)
[0622/204130.774:ERROR:process_memory_win.cc(73)] ReadMemory at 0x7ff9347ee288 of 712 bytes failed: Only part of a ReadProcessMemory or WriteProcessMemory request was completed. (0x12B)
[0622/204130.774:ERROR:process_memory_win.cc(73)] ReadMemory at 0x7ff9347f2f40 of 40 bytes failed: Only part of a ReadProcessMemory or WriteProcessMemory request was completed. (0x12B)
[0622/204130.774:ERROR:process_memory_win.cc(73)] ReadMemory at 0x7ff960e9ad30 of 40 bytes failed: Only part of a ReadProcessMemory or WriteProcessMemory request was completed. (0x12B)
[0622/204130.774:ERROR:process_memory_win.cc(73)] ReadMemory at 0x7ff962225cf0 of 512 bytes failed: Only part of a ReadProcessMemory or WriteProcessMemory request was completed. (0x12B)
[0622/204130.774:ERROR:process_memory_win.cc(73)] ReadMemory at 0x7ff9638cad94 of 672 bytes failed: Only part of a ReadProcessMemory or WriteProcessMemory request was completed. (0x12B)
[0622/204130.774:ERROR:process_memory_win.cc(73)] ReadMemory at 0x7ff9638cb864 of 512 bytes failed: Only part of a ReadProcessMemory or WriteProcessMemory request was completed. (0x12B)
[0622/204130.774:ERROR:process_memory_win.cc(73)] ReadMemory at 0x7ff9638ce704 of 608 bytes failed: Only part of a ReadProcessMemory or WriteProcessMemory request was completed. (0x12B)
[0622/204130.774:ERROR:process_memory_win.cc(73)] ReadMemory at 0x7ff96395f650 of 18 bytes failed: Only part of a ReadProcessMemory or WriteProcessMemory request was completed. (0x12B)
[0622/204130.774:ERROR:process_memory_win.cc(73)] ReadMemory at 0x7ff9639934f8 of 40 bytes failed: Only part of a ReadProcessMemory or WriteProcessMemory request was completed. (0x12B)
[0622/204130.774:ERROR:process_memory_win.cc(73)] ReadMemory at 0x7ff963993560 of 48 bytes failed: Only part of a ReadProcessMemory or WriteProcessMemory request was completed. (0x12B)
[0622/204130.774:ERROR:process_memory_win.cc(73)] ReadMemory at 0x7ff963993978 of 48 bytes failed: Only part of a ReadProcessMemory or WriteProcessMemory request was completed. (0x12B)
[0622/204130.774:ERROR:process_memory_win.cc(73)] ReadMemory at 0x7ff963997ce0 of 40 bytes failed: Only part of a ReadProcessMemory or WriteProcessMemory request was completed. (0x12B)
[0622/204130.774:ERROR:process_memory_win.cc(73)] ReadMemory at 0x7ff963997e40 of 192 bytes failed: Only part of a ReadProcessMemory or WriteProcessMemory request was completed. (0x12B)
[0622/204130.774:ERROR:process_memory_win.cc(73)] ReadMemory at 0x7ff963997f30 of 48 bytes failed: Only part of a ReadProcessMemory or WriteProcessMemory request was completed. (0x12B)
[0622/204130.774:ERROR:process_memory_win.cc(73)] ReadMemory at 0x7ff9639994c0 of 64 bytes failed: Only part of a ReadProcessMemory or WriteProcessMemory request was completed. (0x12B)
[0622/204130.775:ERROR:scoped_process_suspend.cc(40)] NtResumeProcess: An attempt was made to access an exiting process. (0xc000010a)
